<?xml version="1.0" encoding="UTF-8"?>
<robot generator="Robot 4.1.2 (Python 3.9.9 on win32)" generated="20220510 10:08:12.583" rpa="false" schemaversion="2">
<suite id="s1" name="Tests" source="C:\COLECAO\Automação\robot\ROBOT-2-RESPOSTA\Exemplo\tests">
<suite id="s1-s1" name="TestCaseAPIBook" source="C:\COLECAO\Automação\robot\ROBOT-2-RESPOSTA\Exemplo\tests\TestCaseAPIBook.robot">
<kw name="Conectar a minha API" library="ResourceAPI" type="SETUP">
<kw name="Create Session" library="RequestsLibrary">
<arg>fakeAPI</arg>
<arg>https://fakerestapi.azurewebsites.net/api/v1</arg>
<doc>Create Session: create a HTTP session to a server</doc>
<msg timestamp="20220510 10:08:13.425" level="INFO">Creating Session using : alias=fakeAPI, url=https://fakerestapi.azurewebsites.net/api/v1, headers={},                     cookies={}, auth=None, timeout=None, proxies=None, verify=False,                     debug=0 </msg>
<status status="PASS" starttime="20220510 10:08:13.425" endtime="20220510 10:08:13.426"/>
</kw>
<status status="PASS" starttime="20220510 10:08:13.425" endtime="20220510 10:08:13.426"/>
</kw>
<test id="s1-s1-t1" name="Buscar a listagem de todos os livros (GET em todos os livros)">
<kw name="Requisitar todos os livros" library="ResourceAPI">
<kw name="GET On Session" library="RequestsLibrary">
<var>${RESPOSTA}</var>
<arg>fakeAPI</arg>
<arg>Books</arg>
<doc>Sends a GET request on a previously created HTTP Session.</doc>
<msg timestamp="20220510 10:08:17.085" level="INFO">GET Request : url=https://fakerestapi.azurewebsites.net/api/v1/Books 
 path_url=/api/v1/Books 
 headers={'User-Agent': 'python-requests/2.26.0', 'Accept-Encoding': 'gzip, deflate', 'Accept': '*/*', 'Connection': 'keep-alive'} 
 body=None 
 </msg>
<msg timestamp="20220510 10:08:17.086" level="INFO">GET Response : url=https://fakerestapi.azurewebsites.net/api/v1/Books 
 status=200, reason=OK 
 headers={'Transfer-Encoding': 'chunked', 'Content-Type': 'application/json; charset=utf-8; v=1.0', 'Server': 'Kestrel', 'api-supported-versions': '1.0', 'Date': 'Tue, 10 May 2022 13:08:14 GMT'} 
 body=[{"id":1,"title":"Book 1","description":"Sit nisl dolore tempor gubergren consetetur ipsum. Nisl illum ad invidunt sit est te tempor nulla vulputate ipsum ipsum ipsum. Ipsum magna molestie amet delenit erat consetetur et ea gubergren at. Erat dolor facilisis. Et sadipscing kasd dolor sit dolor est diam accumsan rebum lorem. Eirmod consetetur ipsum magna facilisi dolor qui dolore. Gubergren rebum et aliquam takimata dignissim cum. Est exerci rebum amet eos duo illum nobis. Dolor dolore at amet no amet at sea kasd est takimata consetetur justo voluptua tincidunt. Eu quis erat duis. Iusto accusam tempor dolore aliquip eirmod diam invidunt ea elitr facer aliquyam consequat qui vero. Tincidunt qui ad iriure clita sit aliquyam iriure adipiscing ea velit lobortis amet sed eos ea est ipsum. Feugait eirmod dolores ipsum stet labore sanctus sit congue. Rebum diam et lorem sea diam consetetur duo luptatum magna consetetur elitr te. Lorem ut est diam eos ipsum tempor eros molestie nonumy sed elitr consetetur aliquyam luptatum imperdiet takimata amet sit. Magna at gubergren amet tempor dolor nonumy dolor et duo ut volutpat nostrud sanctus amet.\n","pageCount":100,"excerpt":"Ea eos te commodo et. Vel iusto dolores nulla stet praesent est at consetetur at sit nostrud erat. Voluptua ipsum et mazim tempor et. Lorem et rebum tempor magna et sed feugait facilisis facer iriure lorem qui. Clita accusam est dolore vel labore elitr sed nulla sit dolor et diam eros dolore. Dolor consetetur sit sea dolor placerat dolor hendrerit et sadipscing in duo lorem ipsum liber gubergren nonumy. Sadipscing et ut gubergren ut est sed congue dolor dolor. Gubergren stet takimata ipsum et eirmod sit ipsum dolore sit et duo nostrud lorem in vero sed. Eos in sanctus tation molestie sed in amet. Gubergren sit et gubergren amet sit consequat. Facilisi et dolore dolor ea dignissim clita praesent lorem vero consequat iusto kasd consetetur kasd et voluptua justo clita. Dolores sit sadipscing nonumy tincidunt nostrud in. Te aliquyam odio duo voluptua voluptua ut clita et no facilisi accusam sadipscing no praesent feugait sed erat. Et nisl commodo diam magna nonumy labore accumsan takimata diam ipsum iusto tempor sed. Takimata at invidunt vel nonummy esse gubergren lorem dolor velit eu sed et tation. Labore diam duis. Eros praesent sadipscing et dolore sanctus elitr et diam accusam nibh amet accusam sadipscing.\nQuod eos quis et. Takimata lorem sea lorem dignissim. Gubergren dolores sed takimata accusam. Takimata tempor in stet dolores dolore et possim ea dolore dolore duo duis no ipsum. Tempor sed iriure illum aliquyam wisi qui stet invidunt duo est rebum dolore lorem erat magna tempor facilisis. Nonumy vero nonumy elitr duis eum diam illum at nulla nonumy. Minim amet dolor elit et elit nostrud dolore kasd erat delenit sed volutpat in vulputate nam consetetur. Wisi consectetuer at augue gubergren et zzril lorem amet tempor diam vel. In sit eum dolore delenit.\nLorem ut sit amet ipsum accusam sed. Et est qui diam nonumy et sed voluptua ipsum ipsum laoreet justo ea wisi magna dolore erat augue. Diam eu et aliquyam kasd laoreet et et. Velit sit kasd ipsum eirmod.\nSed ipsum ipsum takimata sit sea ipsum stet nostrud eirmod clita takimata. Justo mazim ut facilisi duis duo stet lorem at mazim congue dolores elitr et nonumy dolor. Tempor aliquyam dolore consetetur ipsum ipsum eu iusto rebum lorem erat. Ut voluptua veniam ipsum ipsum placerat sadipscing ea ipsum nonumy odio sed tempor nisl te volutpat diam tempor. Stet kasd takimata dolor. Amet gubergren invidunt justo amet sit et dolor labore vel sea stet labore in takimata vero amet accusam ex. Consetetur accusam dolore blandit quod et ad feugait lorem. Sit erat et dolore ipsum iriure sanctus esse zzril ipsum dolor tempor vulputate et amet takimata dolore dignissim. Accusam duo feugait laoreet in accusam sanctus est consequat nulla dolor et exerci ipsum ea vel erat. Clita esse rebum vulputate voluptua ut commodo iriure takimata option dolores ut invidunt illum dolor imperdiet labore dolore. Facilisi luptatum diam dolor eirmod qui vero ea et at.\nEt ea at ipsum ut dolore ea veniam ipsum accusam nulla. Vero eirmod rebum. Sit eos et augue eirmod magna ullamcorper labore iriure.\n","publishDate":"2022-05-09T13:08:15.7537431+00:00"},{"id":2,"title":"Book 2","description":"Dolore aliquip dolor et liber dolores gubergren. Lobortis erat stet kasd rebum et odio commodo. No stet mazim labore vulputate. Dolor te gubergren consetetur ipsum sed sed sanctus est veniam hendrerit labore gubergren dolore eirmod. Dolor rebum nulla vero ea duis clita vel ipsum amet dolor ut voluptua facilisis sit sadipscing sed. Erat vero autem iriure dolore possim no et ea kasd at kasd dolore et duis accusam. Sed diam et commodo eu consectetuer. Amet ipsum vero nulla option consetetur dolore imperdiet sanctus et invidunt stet tation et. Ipsum kasd sadipscing labore aliquyam gubergren et velit. Invidunt lobortis erat qui dolores clita iusto nulla te invidunt duis odio sed liber at et. Dolor nostrud eirmod et invidunt erat sed dolore eos sanctus. Lorem ea ea stet vel magna et sit ea ea.\n","pageCount":200,"excerpt":"Amet velit accusam tincidunt diam. No accumsan odio stet et adipiscing in luptatum voluptua amet takimata vel dolore sadipscing takimata dolor dolore takimata. Eu diam et autem amet vulputate erat soluta. Eirmod lorem consequat dolor sit justo dolore lorem. Tempor clita dolores. Eu ipsum et et aliquyam dolore sit invidunt ipsum sea rebum justo minim clita et. Gubergren voluptua ipsum sed at.\nVel tempor sit vel. Nibh duo erat ut sit voluptua elitr erat voluptua at gubergren consectetuer commodo iriure diam diam. Ut facilisi ullamcorper eleifend facilisi hendrerit magna accusam nonumy magna lorem at et labore no invidunt facilisi sed nulla. Sea et tempor possim est et ut sit ipsum.\nInvidunt dolores luptatum vel diam takimata nostrud duo id elit labore delenit clita lorem odio ipsum. Veniam consequat no ut gubergren et amet ex accusam dolores imperdiet sanctus et duo invidunt exerci. Dolores et tincidunt ea dolore kasd erat gubergren accusam sit nulla esse at dolor gubergren stet euismod minim. Invidunt aliquyam voluptua dignissim est et euismod at et stet tempor. Consetetur tempor clita ut. Dolor eros stet lorem magna vero nonumy labore volutpat justo sit ea. Elitr erat tempor sea sed ipsum sed tempor justo et kasd in clita ipsum duo. Veniam lorem rebum sit dolor esse dolores diam exerci suscipit est tempor est ut dolor aliquyam voluptua invidunt lorem. Dolor invidunt kasd hendrerit at gubergren. Clita soluta ut duo dolore vulputate duo sanctus ipsum dolore dolore kasd facilisis clita et dolore. Ipsum eirmod labore erat velit minim. Diam sadipscing te voluptua diam molestie est iusto sed sed accumsan vel sea lorem consetetur dolore invidunt quis. Feugiat hendrerit sadipscing diam nonummy gubergren est takimata stet vero iriure te voluptua invidunt labore sed blandit. Stet duis sit diam voluptua et ut suscipit lorem est invidunt lorem eos dolor lorem elitr amet lorem praesent.\nSit tincidunt nulla elitr. Ea adipiscing delenit ipsum eirmod dolore gubergren dolor vero duo elitr esse ea. Vero voluptua kasd. Est gubergren dolor et est soluta invidunt dolores at dolor sit sit et possim ut sed est. Takimata ut et euismod sadipscing accusam eos erat. Et in in facilisi dolor molestie vero sed dolore ea magna ut sit kasd. Dignissim vero sit eos aliquyam et ipsum est duo est dolor iriure gubergren ipsum sit dolore kasd duo tempor. Consequat ea sed dolore dolores luptatum delenit tempor. Eos amet iriure eos sit lorem duo et amet facilisis diam. Labore vero ea clita. Sea dolore eleifend soluta accusam. Elitr accusam placerat nonumy sit assum accusam vel accumsan dolores diam. No takimata voluptua accusam sadipscing eirmod te. Eros gubergren rebum rebum in consetetur kasd. Nostrud tempor invidunt clita sit ullamcorper blandit duo justo elit et. Feugiat sed lorem no tempor erat nulla ad nobis aliquip dolor dolor elitr sed.\nDiam sed duis odio sed consetetur nonumy odio aliquyam sed. Et nonumy lorem lorem in sea sadipscing dolores dolor. Est eirmod kasd vel minim consetetur lorem duo cum et eos accumsan dolor clita kasd amet. Et ut magna eleifend quis lorem aliquam est vero commodo ullamcorper in. Dolore diam amet. Esse sed sanctus ut augue amet ea blandit iriure takimata ut augue tempor.\n","publishDate":"2022-05-08T13:08:15.7538726+00:00"},{"id":3,"title":"Book 3","description":"Nulla sed stet et elitr vulputate sed nisl elitr rebum elitr ea dolores consetetur duis tempor dolor eos takimata. Et ad molestie consetetur qui nonumy ipsum justo dolor stet mazim ipsum eos duo. Lorem dolore dolore eros. At ut augue velit ullamcorper labore dolor. Et dignissim nulla nonumy magna erat duo aliquyam voluptua sed illum. Sea elitr ea erat et. Elitr ipsum consetetur rebum in justo kasd et. Velit amet amet esse illum vulputate vero ut consequat justo blandit sanctus sadipscing amet dignissim takimata ipsum. Velit sed et diam illum dolore dolore eros lorem lorem molestie erat nonumy mazim kasd. Consequat no adipiscing invidunt augue. Ipsum voluptua stet dolore est sit et luptatum et lobortis sanctus et nonummy. Accusam lorem duo stet est sea consequat elitr dolores takimata amet kasd sit labore adipiscing at consetetur aliquyam. Eos id euismod vero gubergren at option dolore est quod. Hendrerit duo et.\n","pageCount":300,"excerpt":"Aliquip erat erat duo lorem sit sed eirmod. Accumsan consetetur est duis dolore lorem dolor sadipscing. Lorem wisi quis ut vero ea vero et sed ad. Amet dolore amet et facilisis et autem et iriure consetetur accusam dolores sanctus. Lorem et dolor sit ut amet nobis lorem adipiscing kasd ut amet consetetur accumsan labore. Consetetur eos sed. Ullamcorper hendrerit duis vel invidunt elit erat erat illum eros praesent. Dignissim accusam et esse nulla labore ut est invidunt illum justo et ipsum blandit nonumy accusam nostrud. Justo nihil tempo... (set the log level to DEBUG or TRACE to see the full content) 
 </msg>
<msg timestamp="20220510 10:08:17.086" level="INFO">C:\Users\guilherme.wichroski\AppData\Local\Programs\Python\Python39\lib\site-packages\urllib3\connectionpool.py:1013: InsecureRequestWarning: Unverified HTTPS request is being made to host 'fakerestapi.azurewebsites.net'. Adding certificate verification is strongly advised. See: https://urllib3.readthedocs.io/en/1.26.x/advanced-usage.html#ssl-warnings
  warnings.warn(</msg>
<msg timestamp="20220510 10:08:17.088" level="INFO">${RESPOSTA} = &lt;Response [200]&gt;</msg>
<status status="PASS" starttime="20220510 10:08:13.427" endtime="20220510 10:08:17.088"/>
</kw>
<kw name="Log" library="BuiltIn">
<arg>${RESPOSTA.text}</arg>
<doc>Logs the given message with the given level.</doc>
<msg timestamp="20220510 10:08:17.094" level="INFO">[{"id":1,"title":"Book 1","description":"Sit nisl dolore tempor gubergren consetetur ipsum. Nisl illum ad invidunt sit est te tempor nulla vulputate ipsum ipsum ipsum. Ipsum magna molestie amet delenit erat consetetur et ea gubergren at. Erat dolor facilisis. Et sadipscing kasd dolor sit dolor est diam accumsan rebum lorem. Eirmod consetetur ipsum magna facilisi dolor qui dolore. Gubergren rebum et aliquam takimata dignissim cum. Est exerci rebum amet eos duo illum nobis. Dolor dolore at amet no amet at sea kasd est takimata consetetur justo voluptua tincidunt. Eu quis erat duis. Iusto accusam tempor dolore aliquip eirmod diam invidunt ea elitr facer aliquyam consequat qui vero. Tincidunt qui ad iriure clita sit aliquyam iriure adipiscing ea velit lobortis amet sed eos ea est ipsum. Feugait eirmod dolores ipsum stet labore sanctus sit congue. Rebum diam et lorem sea diam consetetur duo luptatum magna consetetur elitr te. Lorem ut est diam eos ipsum tempor eros molestie nonumy sed elitr consetetur aliquyam luptatum imperdiet takimata amet sit. Magna at gubergren amet tempor dolor nonumy dolor et duo ut volutpat nostrud sanctus amet.\n","pageCount":100,"excerpt":"Ea eos te commodo et. Vel iusto dolores nulla stet praesent est at consetetur at sit nostrud erat. Voluptua ipsum et mazim tempor et. Lorem et rebum tempor magna et sed feugait facilisis facer iriure lorem qui. Clita accusam est dolore vel labore elitr sed nulla sit dolor et diam eros dolore. Dolor consetetur sit sea dolor placerat dolor hendrerit et sadipscing in duo lorem ipsum liber gubergren nonumy. Sadipscing et ut gubergren ut est sed congue dolor dolor. Gubergren stet takimata ipsum et eirmod sit ipsum dolore sit et duo nostrud lorem in vero sed. Eos in sanctus tation molestie sed in amet. Gubergren sit et gubergren amet sit consequat. Facilisi et dolore dolor ea dignissim clita praesent lorem vero consequat iusto kasd consetetur kasd et voluptua justo clita. Dolores sit sadipscing nonumy tincidunt nostrud in. Te aliquyam odio duo voluptua voluptua ut clita et no facilisi accusam sadipscing no praesent feugait sed erat. Et nisl commodo diam magna nonumy labore accumsan takimata diam ipsum iusto tempor sed. Takimata at invidunt vel nonummy esse gubergren lorem dolor velit eu sed et tation. Labore diam duis. Eros praesent sadipscing et dolore sanctus elitr et diam accusam nibh amet accusam sadipscing.\nQuod eos quis et. Takimata lorem sea lorem dignissim. Gubergren dolores sed takimata accusam. Takimata tempor in stet dolores dolore et possim ea dolore dolore duo duis no ipsum. Tempor sed iriure illum aliquyam wisi qui stet invidunt duo est rebum dolore lorem erat magna tempor facilisis. Nonumy vero nonumy elitr duis eum diam illum at nulla nonumy. Minim amet dolor elit et elit nostrud dolore kasd erat delenit sed volutpat in vulputate nam consetetur. Wisi consectetuer at augue gubergren et zzril lorem amet tempor diam vel. In sit eum dolore delenit.\nLorem ut sit amet ipsum accusam sed. Et est qui diam nonumy et sed voluptua ipsum ipsum laoreet justo ea wisi magna dolore erat augue. Diam eu et aliquyam kasd laoreet et et. Velit sit kasd ipsum eirmod.\nSed ipsum ipsum takimata sit sea ipsum stet nostrud eirmod clita takimata. Justo mazim ut facilisi duis duo stet lorem at mazim congue dolores elitr et nonumy dolor. Tempor aliquyam dolore consetetur ipsum ipsum eu iusto rebum lorem erat. Ut voluptua veniam ipsum ipsum placerat sadipscing ea ipsum nonumy odio sed tempor nisl te volutpat diam tempor. Stet kasd takimata dolor. Amet gubergren invidunt justo amet sit et dolor labore vel sea stet labore in takimata vero amet accusam ex. Consetetur accusam dolore blandit quod et ad feugait lorem. Sit erat et dolore ipsum iriure sanctus esse zzril ipsum dolor tempor vulputate et amet takimata dolore dignissim. Accusam duo feugait laoreet in accusam sanctus est consequat nulla dolor et exerci ipsum ea vel erat. Clita esse rebum vulputate voluptua ut commodo iriure takimata option dolores ut invidunt illum dolor imperdiet labore dolore. Facilisi luptatum diam dolor eirmod qui vero ea et at.\nEt ea at ipsum ut dolore ea veniam ipsum accusam nulla. Vero eirmod rebum. Sit eos et augue eirmod magna ullamcorper labore iriure.\n","publishDate":"2022-05-09T13:08:15.7537431+00:00"},{"id":2,"title":"Book 2","description":"Dolore aliquip dolor et liber dolores gubergren. Lobortis erat stet kasd rebum et odio commodo. No stet mazim labore vulputate. Dolor te gubergren consetetur ipsum sed sed sanctus est veniam hendrerit labore gubergren dolore eirmod. Dolor rebum nulla vero ea duis clita vel ipsum amet dolor ut voluptua facilisis sit sadipscing sed. Erat vero autem iriure dolore possim no et ea kasd at kasd dolore et duis accusam. Sed diam et commodo eu consectetuer. Amet ipsum vero nulla option consetetur dolore imperdiet sanctus et invidunt stet tation et. Ipsum kasd sadipscing labore aliquyam gubergren et velit. Invidunt lobortis erat qui dolores clita iusto nulla te invidunt duis odio sed liber at et. Dolor nostrud eirmod et invidunt erat sed dolore eos sanctus. Lorem ea ea stet vel magna et sit ea ea.\n","pageCount":200,"excerpt":"Amet velit accusam tincidunt diam. No accumsan odio stet et adipiscing in luptatum voluptua amet takimata vel dolore sadipscing takimata dolor dolore takimata. Eu diam et autem amet vulputate erat soluta. Eirmod lorem consequat dolor sit justo dolore lorem. Tempor clita dolores. Eu ipsum et et aliquyam dolore sit invidunt ipsum sea rebum justo minim clita et. Gubergren voluptua ipsum sed at.\nVel tempor sit vel. Nibh duo erat ut sit voluptua elitr erat voluptua at gubergren consectetuer commodo iriure diam diam. Ut facilisi ullamcorper eleifend facilisi hendrerit magna accusam nonumy magna lorem at et labore no invidunt facilisi sed nulla. Sea et tempor possim est et ut sit ipsum.\nInvidunt dolores luptatum vel diam takimata nostrud duo id elit labore delenit clita lorem odio ipsum. Veniam consequat no ut gubergren et amet ex accusam dolores imperdiet sanctus et duo invidunt exerci. Dolores et tincidunt ea dolore kasd erat gubergren accusam sit nulla esse at dolor gubergren stet euismod minim. Invidunt aliquyam voluptua dignissim est et euismod at et stet tempor. Consetetur tempor clita ut. Dolor eros stet lorem magna vero nonumy labore volutpat justo sit ea. Elitr erat tempor sea sed ipsum sed tempor justo et kasd in clita ipsum duo. Veniam lorem rebum sit dolor esse dolores diam exerci suscipit est tempor est ut dolor aliquyam voluptua invidunt lorem. Dolor invidunt kasd hendrerit at gubergren. Clita soluta ut duo dolore vulputate duo sanctus ipsum dolore dolore kasd facilisis clita et dolore. Ipsum eirmod labore erat velit minim. Diam sadipscing te voluptua diam molestie est iusto sed sed accumsan vel sea lorem consetetur dolore invidunt quis. Feugiat hendrerit sadipscing diam nonummy gubergren est takimata stet vero iriure te voluptua invidunt labore sed blandit. Stet duis sit diam voluptua et ut suscipit lorem est invidunt lorem eos dolor lorem elitr amet lorem praesent.\nSit tincidunt nulla elitr. Ea adipiscing delenit ipsum eirmod dolore gubergren dolor vero duo elitr esse ea. Vero voluptua kasd. Est gubergren dolor et est soluta invidunt dolores at dolor sit sit et possim ut sed est. Takimata ut et euismod sadipscing accusam eos erat. Et in in facilisi dolor molestie vero sed dolore ea magna ut sit kasd. Dignissim vero sit eos aliquyam et ipsum est duo est dolor iriure gubergren ipsum sit dolore kasd duo tempor. Consequat ea sed dolore dolores luptatum delenit tempor. Eos amet iriure eos sit lorem duo et amet facilisis diam. Labore vero ea clita. Sea dolore eleifend soluta accusam. Elitr accusam placerat nonumy sit assum accusam vel accumsan dolores diam. No takimata voluptua accusam sadipscing eirmod te. Eros gubergren rebum rebum in consetetur kasd. Nostrud tempor invidunt clita sit ullamcorper blandit duo justo elit et. Feugiat sed lorem no tempor erat nulla ad nobis aliquip dolor dolor elitr sed.\nDiam sed duis odio sed consetetur nonumy odio aliquyam sed. Et nonumy lorem lorem in sea sadipscing dolores dolor. Est eirmod kasd vel minim consetetur lorem duo cum et eos accumsan dolor clita kasd amet. Et ut magna eleifend quis lorem aliquam est vero commodo ullamcorper in. Dolore diam amet. Esse sed sanctus ut augue amet ea blandit iriure takimata ut augue tempor.\n","publishDate":"2022-05-08T13:08:15.7538726+00:00"},{"id":3,"title":"Book 3","description":"Nulla sed stet et elitr vulputate sed nisl elitr rebum elitr ea dolores consetetur duis tempor dolor eos takimata. Et ad molestie consetetur qui nonumy ipsum justo dolor stet mazim ipsum eos duo. Lorem dolore dolore eros. At ut augue velit ullamcorper labore dolor. Et dignissim nulla nonumy magna erat duo aliquyam voluptua sed illum. Sea elitr ea erat et. Elitr ipsum consetetur rebum in justo kasd et. Velit amet amet esse illum vulputate vero ut consequat justo blandit sanctus sadipscing amet dignissim takimata ipsum. Velit sed et diam illum dolore dolore eros lorem lorem molestie erat nonumy mazim kasd. Consequat no adipiscing invidunt augue. Ipsum voluptua stet dolore est sit et luptatum et lobortis sanctus et nonummy. Accusam lorem duo stet est sea consequat elitr dolores takimata amet kasd sit labore adipiscing at consetetur aliquyam. Eos id euismod vero gubergren at option dolore est quod. Hendrerit duo et.\n","pageCount":300,"excerpt":"Aliquip erat erat duo lorem sit sed eirmod. Accumsan consetetur est duis dolore lorem dolor sadipscing. Lorem wisi quis ut vero ea vero et sed ad. Amet dolore amet et facilisis et autem et iriure consetetur accusam dolores sanctus. Lorem et dolor sit ut amet nobis lorem adipiscing kasd ut amet consetetur accumsan labore. Consetetur eos sed. Ullamcorper hendrerit duis vel invidunt elit erat erat illum eros praesent. Dignissim accusam et esse nulla labore ut est invidunt illum justo et ipsum blandit nonumy accusam nostrud. Justo nihil tempor est feugiat duis. Sit gubergren nonumy accumsan erat duo et consetetur at no eos tempor duis ipsum gubergren justo takimata elit esse. Ex no dolore te ea clita nibh et est amet molestie invidunt at sit dolore sed. Adipiscing sanctus ea autem diam dolor gubergren et. Eros laoreet takimata erat nihil nam elitr tincidunt soluta tempor takimata erat sea praesent. Ad nonumy magna vero dolore ipsum dolores wisi et ut vero hendrerit et mazim kasd. Sadipscing sadipscing commodo et takimata duo at vel sed eos dolores ipsum. Et liber iusto nonumy nibh invidunt amet et ut. Eirmod sed sea sanctus. Ut erat accusam dolore elitr dolore zzril invidunt eu kasd dolores. Rebum gubergren dolor qui illum erat labore invidunt rebum diam lorem.\nDiam ea sea gubergren gubergren elitr amet clita et clita lorem sanctus. Vulputate sanctus ut et sadipscing takimata. Suscipit tempor amet eirmod eirmod et no eos ipsum rebum nibh sed. Id et feugait takimata voluptua justo sed et illum. Est dolor elitr iriure sed sed ipsum at sit nulla. Autem diam et et dolore labore et sed vero ipsum sit eos erat takimata et ea dolore kasd at. Eum at possim at diam diam erat. Consetetur lorem consectetuer. Quis qui kasd at id invidunt commodo labore. Nonumy takimata augue est at aliquip accusam labore eu nulla soluta et erat elit accumsan aliquam stet veniam odio. Ut et in dolore soluta. Ipsum commodo duis et accumsan nonummy diam nulla cum duo voluptua suscipit rebum lorem vero euismod sed.\nAt duis diam tempor at vero at hendrerit stet takimata sanctus dolor sea magna dolore soluta et. Diam et accusam dolore accusam voluptua lorem mazim. Zzril invidunt sit placerat et consequat justo hendrerit sed. Kasd at consectetuer dolor lorem doming sit nihil est elit nonumy et sit odio et blandit no amet sadipscing. Stet rebum et dolor et at duo labore commodo iriure. In aliquam possim eu vel no eleifend dolores sanctus lorem ipsum sit sea exerci dolore illum tincidunt aliquam. Nulla takimata lorem ea sit ipsum et tempor voluptua. Nulla amet amet consetetur et erat erat magna sed nulla. Eros sed est consetetur sed clita at invidunt no in duis delenit. Duo sit consetetur. Molestie dolore takimata voluptua velit. Erat nobis ut takimata dolor aliquyam odio tempor ipsum kasd dolore amet autem. In tempor ex sit dolor duo et rebum tempor ipsum voluptua. Sit sanctus at sed sit dolor ipsum nonumy facilisis hendrerit magna aliquip. Sanctus eos et ipsum dolor ea. Dolore amet dolor ut facilisis nonumy et iusto luptatum ea delenit tempor magna sed. Lorem no et diam ut dolor et tempor augue eos.\nEum consetetur duo dolor ut et dolor ipsum labore lorem sadipscing. Veniam dolor magna at clita stet dolor nonumy sed gubergren takimata augue diam elitr veniam ipsum kasd. Dolor clita feugiat stet sadipscing diam ipsum nihil erat accusam et vero aliquyam consetetur eleifend.\nNostrud et dolor feugait dolor sit no ut lorem invidunt est nulla voluptua velit et elitr lorem ut rebum. Lorem autem tempor gubergren rebum dolores vero ea lorem magna eu stet velit. Ipsum velit sed liber ipsum et nam dolor tation sed tempor nonumy dolor labore aliquyam dolore. Gubergren amet et duo rebum autem sadipscing consetetur dolore nonumy euismod clita. Justo elitr labore vel molestie eirmod vel dolores ipsum ipsum consetetur sit sed sit et. Labore nonumy molestie est et laoreet. Justo vero eirmod eirmod invidunt exerci ipsum at dolore nisl labore amet molestie sanctus. Aliquam sadipscing ut no stet ipsum at dolores. Invidunt voluptua et duo lorem. Sea adipiscing sit wisi ea consequat. Lorem eum lorem nostrud et stet ad takimata quod sit ex. Sit nibh justo enim quis placerat sadipscing. Et et dolor placerat ut at sanctus amet volutpat sit justo invidunt. At sadipscing sea tempor duo praesent stet invidunt ea elitr at esse commodo et no et. Takimata eos accusam no erat congue duo amet vero facilisis aliquam est no hendrerit illum stet. Quis consequat clita diam elitr vero aliquyam ipsum sit vero.\n","publishDate":"2022-05-07T13:08:15.754036+00:00"},{"id":4,"title":"Book 4","description":"Dolor et et aliquam sit tation amet dolor kasd quis ad hendrerit eirmod vulputate elitr exerci ea tincidunt. Minim et et consequat in duis consetetur et lorem sed dolore consetetur et amet consetetur voluptua. Amet praesent stet magna velit kasd accusam sit vero facer et invidunt dolore ipsum in dolor sadipscing et labore. Ea augue voluptua dolor nonummy amet kasd suscipit justo quod diam kasd congue magna. Gubergren clita tempor voluptua kasd dolore consequat dolores sanctus accusam feugiat duo tempor invidunt. Doming sea no sed erat molestie vulputate consetetur eos.\n","pageCount":400,"excerpt":"Et eleifend option sit duis tempor consectetuer sed et. Sanctus lorem vero congue lorem rebum et dolor clita sed eos ea sit dolor feugiat dolor. Invidunt feugait tation praesent rebum cum te dolores. Dolores sanctus eum consetetur ex dolor ea ut nonumy nonummy et ipsum sit vero invidunt autem exerci nostrud. Zzril delenit soluta assum dolor sit ea et elit illum voluptua nonummy dolore nonummy lorem imperdiet rebum. Duo dolor diam lorem molestie eros lorem duo sanctus. Et nonumy ut tempor sed. Clita et labore velit lorem in adipiscing rebum nisl sit rebum dolor. Commodo dolor te et gubergren no amet sit sit lorem voluptua esse elitr erat at nonummy lorem ea nonumy. Et amet augue dolor dolor velit. Vel stet amet elit duis diam feugiat dolor elitr et dolores ullamcorper clita te veniam vero et ut.\nStet accumsan dolor stet ut sea sadipscing est sed ea dolore feugait est wisi amet takimata doming option dolore. Kasd at et et nonumy sed diam erat invidunt et et diam sit eu clita eirmod. Tempor augue et stet autem illum mazim clita no eirmod euismod eos at ipsum facer voluptua sanctus. Eirmod et erat vero. Magna rebum ut accusam tincidunt. Magna aliquam tation rebum stet facilisi dolor duis et illum nostrud feugait vero aliquyam. Et accusam sed eos. Stet possim invidunt takimata eos stet rebum dolores eirmod eirmod gubergren tation ea et dolore eleifend et gubergren amet. Dolor eos accumsan et kasd. Dolor consetetur no sed mazim at duis in sit sed sit amet ex eirmod vel labore magna dolore ut. Feugait nulla et est clita magna enim dolore et rebum magna euismod clita magna gubergren accusam sea diam vulputate. Voluptua sadipscing eos justo delenit et vero sit rebum qui in diam eos no elitr magna vero et erat. Lobortis nobis takimata magna kasd amet eirmod invidunt nonumy eos voluptua consequat sadipscing nonumy. Esse adipiscing labore in nonumy molestie tempor sit eum diam diam ut ipsum eos erat dolor lorem lorem. Aliquyam consetetur et vero no tempor labore sed facilisi diam euismod gubergren. Duo labore takimata. Accumsan magna diam nulla invidunt zzril vel at et sadipscing ut sit. Diam lorem sit option sea et aliquip takimata vero eirmod sanctus aliquyam aliquyam gubergren duo sit sadipscing adipiscing. Dolores eu sanctus.\nQui id at lorem soluta. Id ipsum sit feugiat consectetuer tempor ipsum et. Sit vero sea duo. In duis facilisi lorem euismod erat gubergren. Dolores sit duis et dolor sed amet eirmod et dolor ut adipiscing euismod no sit volutpat dolor. Dolore sit vulputate. Eros ut tempor dolor ea elitr dolor nonumy. Et ipsum sit dolore lorem ut quis aliquip. Dignissim iriure amet sadipscing ut wisi labore dolore sit at at delenit ipsum rebum invidunt ipsum. Eirmod ut facilisi voluptua iusto dolore dolores suscipit lorem accusam sanctus diam. Dolore tempor amet in at aliquyam in erat et diam dolore et amet nostrud vel kasd facilisis labore. Praesent zzril dolor facilisis clita aliquyam ipsum ea duis iusto ut eos sanctus est amet voluptua in tempor laoreet. Vero facilisi ut duis nulla magna dolor hendrerit dolores labore quod iriure invidunt sit kasd lobortis esse.\nIpsum diam rebum consetetur clita lorem sanctus accusam erat aliquam dolor consetetur quod. Amet in kasd nonummy. Dolore dolore velit diam dolore sed stet clita amet diam sadipscing diam gubergren gubergren est at sit. Clita eos magna accumsan sadipscing consequat elitr ea nonumy sit assum et nisl sit. Diam dolore eleifend kasd nam nobis. Dolore at nibh sanctus ut euismod quis labore assum erat lorem justo dolore facilisi amet invidunt tation invidunt. Et eirmod clita. Dignissim at sadipscing dolores eos. Et stet vulputate vulputate nibh tation eos aliquyam dolore wisi nihil vero est dolore et. Ut dolor invidunt tempor eum consetetur. Nulla ut sed et invidunt gubergren eirmod sed nostrud vulputate feugait et consequat gubergren euismod ipsum amet sed. Facilisis aliquyam justo elitr.\nLorem no diam sed rebum ex ad. Nonumy dolores vulputate ut invidunt et et sed invidunt labore invidunt aliquyam rebum. Consequat vero duo ipsum feugait nonumy vel justo nonumy sadipscing erat iusto lorem duo dolor sit stet et.\n","publishDate":"2022-05-06T13:08:15.7541759+00:00"},{"id":5,"title":"Book 5","description":"Duis sadipscing nonumy ut rebum takimata invidunt. Et sit takimata molestie et diam sadipscing illum in. Amet magna dolor ipsum sed consequat ut ipsum dolores. Option diam et ipsum dolores in enim lobortis. Lorem nonumy commodo ipsum tempor lorem et tempor dolor et rebum takimata vel sadipscing. Velit tincidunt diam consetetur ea te kasd elit sed amet amet at ad ipsum odio eros. Lobortis duo quis tation kasd invidunt sanctus commodo eos kasd. Diam ipsum commodo sit feugiat et. Quis ad accusam nulla et in vero veniam dolore tempor erat gubergren et. Dolor in erat ipsum et at sit. Accusam amet veniam et consetetur odio et sit. Amet feugait eos aliquyam consetetur eos kasd nulla eos labore amet duo duo qui stet consetetur dolore. Eirmod diam iusto ipsum elitr dolor et duis no dolore quis vel blandit diam. Vulputate illum ut consetetur ut eleifend et at. Gubergren euismod sit eirmod dolore amet ipsum. Clita eirmod nonumy vero quod erat commodo accusam takimata luptatum rebum delenit ipsum imperdiet lorem gubergren vel.\n","pageCount":500,"excerpt":"Diam et nonummy sit et. Lorem tempor dolore dolore. Kasd rebum labore est consectetuer lorem sit eum magna et illum dolor. Labore dolor et laoreet eirmod stet vel vulputate eos consetetur accusam sanctus lorem consequat est et te consetetur. Diam est sanctus lorem adipiscing vero ea sit te dolor dolor dolor sadipscing hendrerit gubergren. Dolore vulputate sea aliquam justo nonumy. Tempor dolor clita ipsum erat augue aliquyam tincidunt. Sed ea no clita nihil dolor autem rebum ea stet sed. Sed dolor diam ea sadipscing ut accumsan. Lorem ut ut hendrerit kasd duo aliquyam wisi ipsum invidunt labore. Duis kasd ea at dolore lorem nonumy erat sea consetetur eirmod. Ipsum eirmod dolore lorem ut labore ut sed. At dolores dolor ipsum dolor illum erat est ea vel dolore. Kasd sanctus lorem duis et dolore quis delenit dolor in consetetur dolor imperdiet autem eos iusto ut duis. Sit sadipscing elitr accusam eum sed commodo magna delenit voluptua vero dolor vero sanctus feugiat dignissim iriure clita. Volutpat duo in. Vero sit hendrerit diam amet laoreet et diam sit amet dolore feugiat ad justo.\nLabore vel ut lorem hendrerit dignissim stet praesent sit rebum vulputate diam gubergren. Stet sit et clita lorem et amet et clita sed. Dignissim in stet sanctus sadipscing ea clita et ullamcorper gubergren sit commodo sed sadipscing sea. Sed diam molestie sit ut elit accusam tempor at dolore. Et et ut et et consetetur rebum vel stet justo.\nLorem in takimata et justo. Clita eirmod ipsum sed ex no iriure at diam et vero consequat voluptua autem takimata erat dolores. Dolore rebum sed sed vero no consetetur justo no at esse illum autem sea et elitr rebum ipsum dolore. Diam delenit ut. Accusam dolor doming kasd. Sit eum velit et takimata nonumy ut labore accusam nonumy kasd dolor magna quis dolore. Hendrerit accusam et duo ut vel tincidunt sadipscing lorem nonummy tempor aliquyam aliquyam accusam facilisis. Soluta gubergren et clita et gubergren in ipsum rebum takimata. Justo elitr illum.\nIpsum eum rebum ut. Diam at erat lorem imperdiet labore consetetur ipsum nibh lorem. Adipiscing vel dolor dolore aliquyam no lorem ad. Dolor aliquam sea in feugait.\nVelit velit magna dolor sea ipsum ipsum euismod vel eirmod. Tempor at amet sit vero dolor elitr dolor minim est lorem possim eirmod iriure nulla. Gubergren euismod dolor consequat ad. Veniam liber sit id consequat dolore vel iriure tempor.\n","publishDate":"2022-05-05T13:08:15.7554266+00:00"},{"id":6,"title":"Book 6","description":"Ut praesent sanctus facilisi duis dolor facilisi dolore takimata sea diam. Sit elitr no autem stet dignissim sit tempor ipsum iriure no erat facilisi ut. Duo nulla ut et consequat ea ipsum. At diam labore accusam rebum takimata duo takimata eirmod dolore invidunt molestie soluta voluptua dolores wisi sed tempor. Aliquyam diam suscipit doming labore. Dolor velit nam aliquam placerat sit consectetuer lorem eirmod ut ut sed lorem odio eum.\n","pageCount":600,"excerpt":"Odio dolor sanctus eu amet elitr autem invidunt at labore ipsum hendrerit. Ut rebum lorem. At aliquip clita tempor minim tempor sit lorem quis hendrerit. Lorem elitr wisi invidunt odio praesent dolor eirmod clita vel diam consequat. Amet zzril nibh ipsum. At et voluptua sed eos sadipscing elitr sanctus qui sed no accusam consetetur ea labore justo magna et. Dolor sanctus magna eirmod erat.\nSanctus takimata lorem justo. Sadipscing consequat diam dolor sea lorem vero molestie dolore consetetur feugiat dolore clita vero diam duo sed rebum. Dolor eu diam magna sit at aliquam. In at nisl ut sit erat diam dolore et dolor kasd at et. Rebum ea et sea ea accusam est magna erat rebum. Et accusam velit lorem diam iriure at sea laoreet ut stet ea sea erat ut accusam elitr accusam. Aliquyam nisl lobortis delenit dolor dolore est minim. Ipsum elitr diam sit elitr hendrerit consequat sed laoreet. Stet invidunt ut duo no soluta dolores. Duo at no option stet no dolor duo est nibh at. Duo sit sit sit gubergren gubergren at amet lobortis minim consetetur quod dolores voluptua takimata lorem. Velit et sit sit aliquyam tempor et duo volutpat erat et lorem sed sanctus. Duo diam autem stet ut tation laoreet elitr sed amet elitr tempor dolor odio dolore tempor. Eirmod sanctus ea tempor clita labore eirmod stet duo sed. Eirmod sanctus sit feugiat consetetur. Accumsan aliquyam clita amet ut.\nSea justo illum. Sit dolores eum dolores no ipsum consequat invidunt facer amet takimata accusam no amet sit sed dolor. Est lorem clita diam adipiscing magna ipsum feugait tation lorem ut sit invidunt consetetur et amet clita dolor. Nonummy erat et rebum amet ipsum lorem dolore no soluta erat dolores sea dolores. Dolor ipsum diam vero ad ut lorem molestie erat nihil consectetuer ipsum delenit autem accusam no tempor duis erat. Vero ut diam amet at sit eos sed sed rebum dignissim sea illum et.\nVero nonumy lorem. Sed rebum in et amet ipsum. Justo eirmod in at blandit lorem kasd erat sanctus sea gubergren lorem aliquyam labore lorem sadipscing. Elitr in et ut dolore invidunt.\nRebum sed gubergren dolor erat vero et diam eleifend aliquyam diam ut accusam tempor gubergren eos tempor molestie. Rebum diam eos vel ut accusam diam vero invidunt diam. Justo ut exerci sadipscing lorem dolor amet invidunt. Labore magna et lorem lorem dolore diam sed lorem dolore dolor aliquyam magna sed et elitr sed hendrerit est. Eirmod labore dignissim lorem stet euismod est no. Dolore sanctus eos sit tempor amet no. Vero consectetuer diam sed stet. Nisl aliquyam facilisi aliquyam at invidunt sit stet clita stet dolor erat sit duo eos. Sadipscing at justo ea et vero vero stet id rebum vel vero. Erat wisi stet sed magna. Et et vero aliquyam vulputate duis justo consetetur euismod lorem vulputate amet diam consetetur nisl nonumy. Nostrud ipsum diam hendrerit nonumy gubergren dolor kasd velit iriure et blandit ipsum labore. Justo praesent tempor kasd et option stet. Lorem volutpat magna sea et esse at sed erat sanctus ut lorem sadipscing. Eum eleifend wisi facilisis justo dolor dolor exerci nostrud iriure et dolor. Magna eros autem et nulla sit nibh accumsan sadipscing vero sit vero sed ipsum. Sit vel augue aliquyam eum zzril elitr erat veniam sea adipiscing clita dolores rebum no et eirmod justo.\n","publishDate":"2022-05-04T13:08:15.7599752+00:00"},{"id":7,"title":"Book 7","description":"Ipsum dolore ut hendrerit nibh eos dolor ut. Delenit ut eum esse invidunt takimata clita et laoreet diam dolore. Lorem magna nonummy labore sit sed gubergren ut iusto clita sanctus amet. Clita sit exerci sadipscing aliquam vel dolore sea amet sit. Labore takimata lorem takimata sit tempor. Nihil illum est lorem dolor justo est at lorem erat lorem lorem commodo ea. Voluptua vero takimata ut vero ipsum sea sed sea no. Sadipscing duo vero aliquyam ipsum sanctus ut. Eros eu et stet lorem eos tempor eos nonummy. Sea sed dolores labore sit dolore tincidunt amet gubergren duis nonumy est nisl sit diam et aliquyam accusam. Vero aliquam consetetur qui dolor eos eos labore eum. Sit invidunt ipsum lorem dolore amet cum eos. Dolore enim tincidunt tempor amet in est invidunt eos. Eos consetetur elitr dolores wisi ea doming stet ullamcorper et lorem erat.\n","pageCount":700,"excerpt":"Sadipscing rebum hendrerit accumsan. Velit ea aliquip eos vulputate eirmod et justo kasd amet stet. Tempor duo vero magna vel ipsum justo accusam. Sanctus diam ipsum et elitr esse duo eum sadipscing. Rebum feugiat nonumy labore rebum diam lorem tempor erat ipsum et rebum dolor sadipscing amet clita amet et nonumy. Amet et cum amet dolor diam. Sea amet ut ea iusto justo qui dolore amet in. Kasd et erat vel in nisl sit sadipscing diam aliquam et stet sadipscing et sea. Et elitr clita labore consequat tempor facilisis sit dolor diam dignissim doming diam at kasd lorem. Quis dolore dolor enim in magna amet praesent no. Ut elitr ut elitr aliquip eirmod takimata ipsum accusam esse voluptua dolore tincidunt in et sit rebum. Amet ipsum magna veniam. Sanctus rebum lorem liber amet kasd dolore stet et et amet consetetur lorem et lorem. Dolor et nonummy.\nConsetetur magna sanctus aliquyam et augue sit dolores et vero vulputate elitr tation elitr erat et at mazim. Facilisis tation te at velit clita magna. Sed ea laoreet justo. Nisl sanctus labore et sadipscing no ad vel. Amet et justo kasd et dolor eum at dolor erat gubergren sea.\nEa et dolores duo lobortis invidunt iusto invidunt nonumy est diam consequat. Sea clita voluptua eirmod at invidunt dolor feugiat eros justo at. Consequat amet lorem duo est elitr hendrerit sit odio amet sadipscing eros diam clita. Odio tincidunt magna rebum accusam adipiscing ut labore stet. Magna esse ex no sit voluptua justo et sea duo liber tempor dolores invidunt dolor. Sea duis sea amet amet consequat delenit nostrud ea eirmod ipsum no takimata tation. Diam sed consectetuer vero voluptua eos diam justo vero vero justo et sed sed. Amet et amet suscipit gubergren nostrud rebum consetetur et commodo consequat sed nostrud duis. Kasd minim et ut vero sit ut amet et at accusam nulla soluta at kasd veniam lorem odio. Diam possim nisl labore duo ipsum eu sit gubergren sed velit dolore tation tempor dolor rebum in invidunt. Vel eos no dolore magna consequat. Dolor kasd ad consetetur tempor sit eirmod eleifend tempor nobis et adipiscing dolore volutpat. Duo eum gubergren. Consetetur erat clita dolores rebum eirmod rebum duis diam nonumy velit nam sed ut amet. Invidunt ea et lorem labore vero gubergren option adipiscing gubergren kasd lorem justo velit eos et eos eleifend.\nSit autem duo takimata. Consectetuer lorem tation et consetetur feugiat clita. Dolore gubergren ut tempor diam diam amet ea clita illum et consetetur no adipiscing erat dolores qui. Sed rebum ut ut gubergren aliquyam. Id odio duis duo aliquyam lorem erat dolore labore euismod tempor esse nulla et iusto sed ullamcorper. Gubergren ea stet consectetuer lorem dolore in amet aliquyam. Blandit dolor ut et velit et rebum at ipsum sit luptatum consetetur hendrerit amet. Takimata erat rebum clita. Erat nonumy consetetur tempor ea. Erat no dolores labore at rebum autem eum autem et vulputate eum ipsum at lorem dolore tempor eos eos. Et dolores at. Et rebum esse stet wisi erat laoreet ipsum dolor et invidunt suscipit sea justo diam ipsum duo. Kasd sadipscing ut ut magna liber dolor vero ipsum dignissim rebum amet tempor rebum labore ea amet.\nDolore vero ipsum at takimata elitr takimata esse. Invidunt dolor vel et volutpat facilisi volutpat dolore vel eos amet duo dolores consetetur diam sanctus ut justo ea. Accusam lobortis sit zzril duis dolore no stet velit vero dolor. Et no amet vel nonumy consetetur dolores qui tincidunt sit dolore eirmod erat exerci ea delenit voluptua clita et. Consetetur ipsum nulla consequat sit et elitr magna et lobortis wisi lorem assum amet. Consequat amet hendrerit amet laoreet dolor duis stet et tempor stet tempor eirmod tempor dolor invidunt. Ut sanctus clita justo wisi erat illum lobortis consequat invidunt suscipit accusam tempor dolores amet dolores. Stet magna ipsum et magna tempor dolore justo consetetur enim eirmod erat lorem sadipscing hendrerit. Ipsum ut dolore et et ipsum id eos vero est et. In et ipsum stet ut zzril sea elitr dolores ipsum at dolor aliquyam duo sea lorem. Euismod amet sadipscing dolores ut diam amet blandit dolor. Sed at erat kasd gubergren.\n","publishDate":"2022-05-03T13:08:15.7600546+00:00"},{"id":8,"title":"Book 8","description":"Eros nulla vero at. Ipsum ut magna aliquip dolores elitr no lorem dolor nostrud placerat sed lorem et vero at amet id. Sed ut eos praesent. Ullamcorper odio ea et nonumy elitr magna sea ullamcorper illum dolor nulla justo kasd diam. Eos congue sadipscing feugiat ipsum et veniam. Enim luptatum ea et vero magna te. Dolor ea lorem dolore diam magna. Sanctus diam magna ipsum eirmod erat lorem. Et suscipit consetetur est lorem aliquyam ut clita tempor consetetur rebum qui takimata.\n","pageCount":800,"excerpt":"Velit laoreet at sed sea lorem augue at luptatum elitr ipsum aliquam amet nonumy amet erat takimata ea. Dolore dolor zzril voluptua ut dolor eleifend ipsum eum invidunt ipsum sit tempor euismod. Sed clita takimata sit elitr ipsum ut voluptua iriure. Sanctus at invidunt accumsan tempor et ullamcorper esse stet ad ut et. Tempor voluptua eros dolor dolores voluptua dolore. Facer consetetur dolores consetetur eirmod ipsum vulputate takimata sea erat magna justo ad eleifend amet enim clita te. Kasd nulla aliquyam ea rebum takimata magna accusam at consequat duis blandit aliquam diam ut sit. Vel ipsum dolore clita ea eum aliquyam et lorem amet tempor tempor duis. Sea elitr est sed et gubergren aliquyam et invidunt takimata dolore wisi sed no duis dolor sadipscing sed. Ea dolor rebum diam voluptua autem kasd at magna ea takimata kasd ut vel assum gubergren autem rebum suscipit. At eleifend labore clita vero aliquyam justo facer et velit ipsum sea no et illum dolor eum rebum aliquyam.\nMolestie lorem tempor aliquyam diam dolor accusam erat ad duo ut liber. Diam consequat erat dolor ipsum sit diam diam delenit gubergren commodo lorem dolor dolor gubergren tempor et magna. Feugait dignissim et praesent erat consequat sea dolore ipsum duo vel laoreet veniam stet. Magna dolor et.\nEt justo accusam et tation ipsum magna facilisis vel kasd molestie ea. Est sit minim. Feugiat option stet tation rebum stet dolore et eirmod sed kasd no magna feugait ipsum consetetur dolor sit. Option lorem consetetur voluptua ipsum minim. Lorem ipsum dolor dolor takimata et ea ea lorem sed est sit et takimata. Ipsum wisi clita et dolore in esse invidunt in kasd est. Stet amet laoreet magna dolores consetetur praesent in justo justo stet et liber vero amet justo. Diam ipsum magna amet dolore. Id rebum labore amet. Amet et voluptua ipsum ipsum.\nEsse dolore blandit eirmod sanctus tempor magna amet ut magna. Rebum sadipscing nonumy clita stet amet. In vero magna consetetur diam feugait et amet vero takimata ut vero duo magna. Elitr kasd sed nonumy volutpat dolor consetetur eirmod consequat et stet. Lorem ut lorem tincidunt lorem at diam sed iriure aliquip nonumy lorem sadipscing tempor est. Vero enim no rebum dolor nonumy dolor sanctus est diam nulla dolore commodo invidunt. Consetetur ea et congue illum et sit dolore sit sed clita no est ex vulputate. Et sed ea. Invidunt sea et. At dolore veniam vel autem aliquyam nulla dolore feugait nonumy sit nonumy dolor takimata accusam. Eos consequat at invidunt dolore justo et kasd dolore consetetur autem diam sed eos magna. Dolore lorem et invidunt vero ad dolor possim lorem nonumy et et amet lorem consetetur gubergren. Placerat diam erat consectetuer. Feugait tincidunt et zzril dolores lorem zzril praesent dolores vulputate. Rebum sanctus ipsum dolor est duis at magna sit dolore dolor dolor amet erat tempor. Possim sanctus elitr dolore nulla aliquam invidunt clita amet clita diam et ipsum vero amet et magna in. No et ut aliquyam sed sit vulputate lorem autem justo. Sit est dolore lorem diam iriure sed est magna stet lorem est ipsum.\nSadipscing et diam magna qui lorem suscipit. Sed lorem clita sed labore. Tempor dignissim molestie sadipscing dolore vel placerat dolor. Dolor sed minim id gubergren eos nonumy vero. Clita est sed facilisi et ea erat duo voluptua veniam ea option rebum et. Et consetetur in.\n","publishDate":"2022-05-02T13:08:15.7601149+00:00"},{"id":9,"title":"Book 9","description":"In labore aliquyam at eirmod erat diam ipsum gubergren delenit aliquip sea aliquyam ut ipsum sit takimata ipsum. Ut at tincidunt no magna ut rebum dolore ipsum dolore et. Rebum eirmod stet. Sed vero dolores et sadipscing augue delenit. Clita takimata consetetur ut ullamcorper eos amet lorem feugiat no et clita rebum at amet. Et dolor justo ipsum nonumy autem sed accusam dolores eos ea accusam sadipscing amet voluptua. Erat justo diam vero sed clita no luptatum dolor vulputate ut sit eirmod. Sit ipsum at gubergren sed sit consetetur sit dolor dolor consequat. Cum dolor tempor at sanctus volutpat sea no elitr enim veniam voluptua lorem stet eirmod dolor nisl labore congue. Et et et ut nonumy vel et voluptua clita diam duo ea placerat dolores no sed iriure justo. Consectetuer sadipscing sanctus et voluptua sea ipsum eu et no. Ipsum ut lorem te diam erat aliquyam accusam enim hendrerit suscipit dolore. Rebum duis sadipscing lorem illum lorem magna sea amet. Et dolor est lorem duis diam dolore ipsum. Dolores dignissim erat dolore justo magna diam aliquyam gubergren eos eos elitr sed consetetur veniam voluptua no. Stet ipsum clita diam duo eirmod ipsum et nostrud invidunt voluptua dolore sit labore velit lorem duis diam ut. Takimata eos lobortis vero diam soluta gubergren vulputate.\n","pageCount":900,"excerpt":"At magna diam et dolores est diam diam clita. Magna consequat diam elitr est erat et. Labore nulla euismod ipsum tempor aliquyam sed diam minim eirmod accusam ea diam.\nDiam gubergren consetetur elitr sed. Illum magna ullamcorper et nonumy labore sanctus invidunt duis et clita magna dolor velit no sadipscing sanctus dolor gubergren. Diam veniam ut justo. Tincidunt ut takimata dolor dolore gubergren diam vel eos aliquam minim justo. Eu facilisis accusam est amet justo no ut aliquam consetetur option dolor eos amet magna dolore diam. Erat in accusam rebum magna dolore et elit no nulla dignissim amet rebum dolor at consetetur stet dolore.\nTe et sadipscing vel sanctus no sadipscing dolores eros gubergren eos veniam dolore congue consectetuer imperdiet. Dolores ipsum et. Eirmod gubergren dolor. Et elit clita. Aliquyam eirmod lorem sea et adipiscing eu dolor et no iusto sanctus sanctus lorem lorem. Consetetur dolores labore eirmod dolor dolor sit gubergren ipsum.\nSanctus elitr et ut vel rebum amet dolor et vero ipsum duis duo amet ea possim. Voluptua soluta diam molestie kasd aliquip odio invidunt et mazim sea kasd elitr et est luptatum no sed velit. Vero gubergren et gubergren euismod diam doming vero vero. Diam dolor augue eirmod sea aliquam kasd iusto clita sed amet blandit sit et invidunt esse. Elitr ipsum amet ut. Eros nonumy et et elitr sit sea et. Sit clita rebum nonumy. Et lorem in tempor liber molestie ea ipsum nobis vero in ipsum vero sed ipsum diam dolor sed. Nostrud accusam vero est elitr ut dolor stet sed ut tempor. Eirmod commodo vero tempor diam dolore euismod. Diam id diam sanctus nonummy vero nonumy sadipscing duo invidunt consequat invidunt. Nam te diam no elit aliquip sed diam nonumy invidunt rebum. Qui ut invidunt et eirmod et dolor et et esse justo sed velit eum. Amet dolor amet sadipscing gubergren. Eirmod minim sed et sed kasd dolore et feugiat labore no rebum no vero dolore ipsum sadipscing magna rebum. Ipsum consectetuer et iriure.\nEirmod eu voluptua. Consetetur et nulla et ea sea sit lorem gubergren euismod nam sit takimata invidunt euismod. Nulla tempor invidunt ipsum placerat ea facilisis duo duis lorem id. Tempor est invidunt erat accumsan est accusam et labore duis. At hendrerit augue accusam lorem gubergren duo at et rebum justo enim labore duis. Blandit aliquyam nihil aliquyam adipiscing no eirmod nihil rebum est nonumy nonumy doming ipsum amet. Dolore nulla minim amet et sed consetetur consetetur no minim. Dolore duo duo no diam et dolor consequat sea cum erat.\n","publishDate":"2022-05-01T13:08:15.7601774+00:00"},{"id":10,"title":"Book 10","description":"Dolore amet duo ea ea labore placerat eos vero tempor. Duis odio invidunt invidunt velit ut tempor. Et sanctus hendrerit iriure amet aliquyam lorem dolores dolore labore ea elitr sea. Sed wisi magna quis sed nonumy dignissim vero sadipscing zzril. Aliquyam feugait dolor et kasd clita sadipscing sit duo duo. Duo eirmod eirmod invidunt adipiscing est sadipscing et accusam consetetur rebum ut in nobis velit. Diam sea commodo hendrerit justo elitr aliquyam et nonumy dolor magna accusam dolore te ullamcorper eum amet facilisi. Ipsum dolore sadipscing facilisis molestie rebum dolore. Accusam magna vero feugait tempor odio dolor invidunt sadipscing ad placerat diam voluptua. Eos aliquyam amet vero et ea nulla blandit in justo tempor sit sed lorem sit dolor duo sed. Erat eos ut ea takimata consetetur et vel velit sit voluptua feugait. Dolore sed dolores rebum elitr gubergren kasd invidunt quis odio vero est ut. Eum et nostrud sit commodo duis et nibh aliquyam eirmod ea no aliquyam. Sit diam dolor quis amet minim kasd stet molestie et lorem in vel magna lorem dolor kasd. Labore eros laoreet tempor lorem accusam dolor magna aliquam lorem luptatum facilisis. Vel magna eos consectetuer magna eirmod amet gubergren takimata sed illum facilisis sed tation iusto diam magna.\n","pageCount":1000,"excerpt":"Diam suscipit aliquyam accusam consequat ipsum et dolor sit magna dolor stet rebum eos sit takimata erat stet. Et vel et ea sed invidunt lorem suscipit nonumy sed accumsan. Amet autem laoreet sit exerci dolor no placerat assum stet elitr sed aliquyam te sed diam est. Justo kasd consectetuer gubergren ullamcorper erat kasd invidunt ipsum ut clita tation consequat vel eros diam. Ipsum sed accusam sea ut et accusam at tempor tincidunt nonumy diam sit at. Duo rebum tation ipsum velit volutpat eirmod elitr nibh at lorem vero. Magna diam vulputate dolor ipsum sadipscing tation sit. Sit rebum sed exerci labore lorem sanctus eos.\nGubergren sit dolor et at consequat sanctus duis nihil elit nostrud dolore accumsan imperdiet sed consetetur voluptua et invidunt. Sea consectetuer eirmod labore rebum erat sanctus sed vulputate qui et lorem autem dolor rebum kasd kasd. Minim et nulla dolor stet augue takimata duo velit stet molestie justo consetetur eos invidunt.\nSit no tempor sea quis sed sed clita consetetur ipsum sadipscing ullamcorper tincidunt consectetuer amet soluta accusam invidunt. Sea ea et no sed erat placerat sadipscing ad ea nostrud nihil et. Lorem consectetuer takimata sanctus et ipsum vel et. Ipsum consequat vel et dolor magna assum dignissim takimata ut. Eirmod erat voluptua lorem nulla delenit et. Ea dolor lorem consectetuer vero eirmod eirmod sit tempor clita quis labore lorem eirmod luptatum duo voluptua.\nAutem clita vero feugiat. Sed elit no at at takimata dolor luptatum magna duo lobortis qui ipsum vel et dolor elitr labore. Takimata dolor sanctus eirmod amet erat feugait vero stet ea. Ut sed lorem dolor no stet quod stet et. Consequat consetetur ipsum illum soluta dolor ipsum erat placerat facilisis eirmod sed elitr dolore est lobortis facilisi rebum quis. Labore labore et est lorem augue dolore veniam tempor sed ipsum sed stet magna iriure lorem ipsum nonumy. Eirmod vero consetetur possim sea sed. Volutpat dolores rebum invidunt odio at. Est aliquyam labore sed ipsum ea eirmod ea iusto sed rebum nonummy no ipsum accusam erat. Sit nisl dolores rebum tation nonumy euismod nulla stet facer sit et nobis sed nisl aliquyam gubergren. Et sadipscing voluptua sanctus ipsum no duo sit lorem voluptua magna consectetuer sed eum tempor clita et tempor kasd. Rebum diam possim wisi ut. Sadipscing lorem et facilisis nibh eirmod elit.\nJusto takimata sit option elitr sit vero ut diam eum. Clita duo sed esse voluptua ipsum diam aliquyam at labore dolor elitr et at. Duo aliquyam sit lorem vero. Justo magna justo aliquam vel. Et no hendrerit est invidunt eos justo praesent. Accusam dolor consequat eos amet erat veniam nonummy et labore et. Nibh imperdiet consetetur nulla in et aliquip et tempor no ea amet eu. Eu ut consequat velit justo. Dolor sed imperdiet dolor. Eros gubergren vulputate kasd duo ipsum velit. Et minim erat autem dolor. Lorem tempor consetetur takimata stet velit. At velit lorem eirmod labore vel rebum magna labore invidunt sit zzril sed vero. Rebum kasd et takimata amet illum et. Lorem stet consequat dolor et amet duis dolores sit gubergren eu et aliquyam.\n","publishDate":"2022-04-30T13:08:15.7602467+00:00"},{"id":11,"title":"Book 11","description":"Sit vero in aliquyam sit voluptua et erat justo accusam. Eos labore tempor nonumy sed lorem lorem et sit at nobis sea sed sed takimata. Esse ut duo voluptua sanctus vel. Duo sit tempor sit at eirmod dolor et feugiat enim lorem kasd clita. Nonumy justo et ea nulla dolor duo praesent wisi sadipscing diam nonumy placerat amet sadipscing. Quis consetetur sed veniam justo eirmod liber odio. Labore ipsum placerat et. Duis aliquyam consetetur nam sanctus sit in gubergren et nulla stet ea ut veniam sed. Et sea ullamcorper clita est et kasd autem amet diam et lorem dolor feugait lorem id vel sed sed. Consetetur labore magna elitr elitr qui clita accusam sed et ipsum consetetur sadipscing consetetur consectetuer sed dolore sea.\n","pageCount":1100,"excerpt":"Sed aliquyam veniam duis consequat velit consetetur suscipit lorem eros nisl augue labore justo sed illum dolor. Accusam clita minim clita nonumy kasd diam est at lorem eos stet nostrud velit ut. Amet duis iriure nonumy est ipsum sadipscing et amet commodo sit exerci gubergren et lorem nonumy facilisi. Tempor labore ad dignissim diam amet dolore vel amet. Sit sed ipsum dolores vero amet facilisi et. Clita duis dolores. Sed eum molestie. Aliquyam nonumy diam dolor. Vero stet ea sit velit at sea elitr feugiat. No velit erat no tempor aliquyam aliquyam gubergren praesent duis amet sit lorem accusam. Eros diam lorem sit consequat lorem diam sit et dolor ut dolore eros eu magna duo dolor labore est. Est tempor est duo sit. Erat dignissim vero tempor. No consectetuer elitr gubergren ut est accumsan diam lorem duo lorem assum eos aliquam ipsum labore. Consectetuer erat dolor clita lorem sit erat nonumy nisl ut delenit praesent ex accusam sit nulla at.\nIllum molestie sit ad vero. Sit laoreet aliquip lorem illum enim est iriure est justo sit labore et gubergren stet aliquyam nisl. Justo kasd kasd aliquam dolor nonummy vero eleifend consetetur dolor aliquam. Est illum sed est ipsum tempor accusam eos eos invidunt no sanctus. Dolor lorem iriure takimata lorem congue nonumy et ea quod rebum dolor ex at. At magna sea. Et amet ipsum duis dolore. Kasd luptatum ut gubergren feugiat praesent dolor est invidunt amet nonummy aliquyam et consetetur duo sed consetetur sea sed. Sea volutpat at magna lorem sed sed dolor et tempor eirmod labore est magna vulputate dolor. Dolore tempor sed clita elitr no dolore ea amet et stet takimata augue dignissim nonumy ut vel. Clita in tempor duo diam nonumy amet et et sea nonumy vero sit nibh odio labore minim accusam. Ipsum dolores eirmod kasd et ipsum ipsum amet duis assum dolores ipsum consequat at diam at. Vero rebum wisi ipsum clita justo dolore facilisis voluptua accusam diam tempor invidunt erat sea ipsum takimata elitr. At lorem et dolore sit invidunt liber ipsum dolores sadipscing iusto rebum duo sit wisi kasd. Sit magna in sed sea labore et eos sea. In no feugait aliquyam consetetur tempor at.\nDolor lorem et duis elitr amet rebum et. Laoreet te lorem accusam duo eu lorem diam consequat. Amet enim wisi dolore in duis erat gubergren elitr clita. Diam consetetur sit nonumy gubergren dolore justo erat lorem dolor stet amet lorem. Et et et accumsan lorem elit duo commodo est. Clita aliquip stet diam ut sit dolore et. Sadipscing delenit ut lorem ex suscipit dolor aliquyam ut ullamcorper lorem tempor sed veniam. Sit clita sed et sadipscing amet kasd consetetur. Eu nostrud diam justo veniam et dolor. Sed et kasd sadipscing lorem justo justo sit duo aliquip gubergren sit duis diam dolores consetetur lorem. Lorem duo nonumy aliquyam est et. Gubergren est eirmod aliquam eum labore sed ex amet feugiat illum luptatum sit. Dolor sea et at lorem dolor ea sea invidunt nonumy sit et dolor. Ut dolor sed clita amet ut diam duo magna eleifend. Dolores dolore quis et et invidunt kasd ut lorem sit. Justo est est rebum nonumy sit invidunt diam laoreet. Adipiscing in labore feugiat lorem justo accusam sit vero erat sed et. Dolore justo aliquam sed et elitr cum diam et sed elitr et vero vero. Dolores accusam magna odio sed gubergren cum justo ut nisl dolor duo vulputate sed elitr accusam duo amet ut.\nSit dolore dolores invidunt. Duis gubergren amet. Congue enim amet vulputate kasd invidunt lorem lorem hendrerit. Rebum veniam sit ullamcorper lorem accumsan stet vero et voluptua sed et eirmod dolor ut. Et zzril esse no consetetur eum. Amet est dolore et ea et aliquyam et at at te elitr lorem assum diam consetetur. Sanctus consetetur rebum dolor consectetuer delenit et consetetur vulputate kasd. Dolores nonumy wisi lorem dolor et sit nobis eos praesent ipsum amet diam lorem eos exerci iriure diam. Aliquyam magna aliquyam est ipsum. Nibh voluptua et no et at consetetur ut consetetur invidunt eos nisl exerci lorem sed hendrerit nisl odio erat. Et eos ea eirmod. Minim illum vel ea.\nDuo luptatum lorem no vel consectetuer sadipscing et eirmod eirmod gubergren eum stet sea est labore diam. Odio stet praesent voluptua amet ut accusam kasd consetetur est no erat exerci et ea clita nonumy sed. Sed ipsum kasd rebum eirmod diam et. Diam invidunt eu lorem nonummy in euismod clita duis amet vero accusam ea tempor sed lorem accusam. Gubergren ipsum diam erat vel justo stet diam dolore iusto veniam duo ipsum clita voluptua. Amet consetetur sit ullamcorper dolor lobortis aliquyam sed. Amet ea esse autem. Aliquip mazim hendrerit magna aliquyam est amet ipsum amet te ut at rebum. Sit sanctus ipsum. Amet justo et justo.\n","publishDate":"2022-04-29T13:08:15.7603363+00:00"},{"id":12,"title":"Book 12","description":"Gubergren at erat ipsum et sit est consetetur eros nonumy ipsum duo voluptua et. Est ipsum sit in eos magna et accusam no nonumy quis sit diam consetetur. Et et possim sadipscing accusam accumsan est sit eros lorem nam tation ipsum voluptua justo dolore. Rebum luptatum sed et aliquyam quis aliquyam stet eirmod ut ullamcorper no. Lorem diam dolores dolor et dignissim dolor aliquip clita luptatum lorem. Accusam te invidunt. Eos magna nonumy sea diam. Aliquyam ipsum sea dignissim sit. Elit et possim nulla elitr et sit sed id et ipsum. Nisl labore ipsum ea elitr at at duo exerci dolor ipsum ipsum ut sit amet amet minim. Accusam tempor dolores tempor et erat kasd tempor magna tempor no takimata duo laoreet erat diam iusto sadipscing ut. Kasd dolore sed vel ipsum at ex consectetuer gubergren diam et. Stet adipiscing magna lorem et luptatum ea feugait dolor esse et eirmod. Et consequat eros at amet ipsum vero sed dolor ipsum takimata nulla kasd nonumy kasd quod vel facilisis gubergren. Nisl consetetur ipsum sed erat facilisi sanctus sed vel at eos adipiscing elitr et erat sed elitr voluptua. Sadipscing in ea dolore feugiat takimata elitr sit nonummy erat et erat erat ipsum dolores euismod at ipsum. Nonummy eirmod elitr amet ea gubergren erat voluptua ut facer kasd justo consequat praesent. Sed clita diam gubergren consetetur illum tempor est consequat euismod eu zzril voluptua sed. Ut tempor consetetur nulla aliquyam sed illum dolor labore et option magna diam et volutpat dolore.\n","pageCount":1200,"excerpt":"Et clita esse tempor nonummy ut qui no kasd. Nonumy est iriure lorem et. Est takimata elitr sadipscing eirmod dolore dolor wisi lorem sit iriure ea dolor id erat nonumy sit. Sanctus et vulputate. Te esse lorem. Nonummy eirmod facilisis erat et doming amet minim vero eros gubergren at. Nam hendrerit sed gubergren feugiat dolor sit duis iusto ea et sed at ipsum lorem. Takimata ipsum iusto nonumy et amet soluta nonumy. Accusam labore justo amet. Eirmod aliquyam esse dolore duo voluptua magna luptatum rebum. Ipsum nulla eos vero sea. Ea commodo amet vero consequat quis. Justo takimata et tempor duo sed et id magna erat eirmod.\nDolore ea augue eos vel in labore vero justo takimata at sed clita vero euismod qui tempor at et. In aliquip et consequat diam erat sadipscing et duo accusam. Invidunt amet diam amet adipiscing sit quis ea consetetur euismod iriure enim sit. Voluptua diam et amet sed sit est est eirmod rebum dolores quis labore et ea eos clita. Vel rebum sed labore nam takimata diam duo consetetur voluptua eirmod aliquyam. Invidunt et est diam lobortis. Et eum sadipscing facer ad sea gubergren et accusam dolor nonummy labore diam volutpat dolor accusam tempor ut sadipscing. Gubergren no et ipsum sed et. Nobis aliquyam consetetur sed clita takimata voluptua diam duo eirmod elitr sadipscing no clita eum justo dolor.\nEt dolore diam et. Et eos diam illum clita odio sed exerci ex duo sadipscing ut diam nisl. Sed no diam labore et sed sed consequat et et sed hendrerit duo ut at. Vero rebum consetetur sea sit dolores. Sed et rebum minim in eros cum sed. Iriure tempor commodo. Est amet amet suscipit erat. Justo enim accusam. Voluptua laoreet et elitr et lorem dolore stet amet sadipscing ipsum lorem justo molestie dolor et sanctus. At lorem feugait quis ipsum gubergren lorem sed ea takimata veniam takimata.\nTakimata labore sed. Dolor ut et. Gubergren magna dolore elitr stet dolore diam adipiscing no erat et sit. Eos takimata eum sanctus luptatum molestie et esse. Et assum gubergren ea elitr duo dolore takimata ipsum nisl lorem. Nonumy diam vero clita dolor rebum sit dolor lorem sit accumsan. No gubergren diam amet ea tempor. Sea consectetuer illum elit stet ipsum erat et elitr invidunt. Magna autem dolor et vel facilisis ipsum amet ut tincidunt tincidunt lobortis amet et erat clita. At sed eleifend laoreet minim elitr amet ut eos erat lorem. Illum ad feugiat et magna. Dolor cum no. Dolore elitr elitr labore elitr soluta magna diam sit amet. Kasd dolor amet lorem veniam diam. Sit et erat ex eirmod illum ut sea sit nonumy ad duis. Sea kasd kasd gubergren nulla aliquyam vero sit clita velit. Kasd luptatum consetetur eirmod at sed stet ut consequat sadipscing dolore et invidunt zzril lorem gubergren.\nUllamcorper sadipscing te est dolore clita justo aliquyam facer nibh molestie te ipsum nonumy nulla ipsum. Eos eirmod aliquyam enim duo voluptua rebum amet et. Dolor voluptua amet lobortis ipsum hendrerit dolores sanctus consequat laoreet sanctus. Dolore vulputate sit nam aliquip sit sanctus. Consequat elitr est kasd magna dolor esse sit assum sit et gubergren.\n","publishDate":"2022-04-28T13:08:15.7604088+00:00"},{"id":13,"title":"Book 13","description":"Minim lorem autem voluptua magna dolores consequat et dolor quod. Eos sanctus hendrerit laoreet aliquyam consetetur veniam nonumy eirmod sadipscing. Et labore et clita nonumy sit invidunt. Takimata sit nostrud veniam et et kasd et aliquip eirmod et delenit accumsan facilisis doming facilisis. Clita stet sea takimata lorem et gubergren doming justo et veniam dignissim ipsum erat et wisi et. Eirmod rebum amet et magna clita justo takimata amet veniam ipsum tempor. Takimata dolor vero sed nonumy erat vero dolor at congue ea dolor. Blandit ipsum ut gubergren accusam lorem amet sadipscing sea minim invidunt. Ea et esse ipsum. Duo ipsum dolore sed est vero nibh lorem magna stet ad dolores rebum labore erat justo velit amet. In in diam lorem ea et lorem ea accusam justo eos sanctus vel. Lorem magna duo justo sit ad lorem no vulputate accusam clita accusam sed erat erat amet et diam. No eros rebum sed dolore diam vero nonumy accusam est justo ut rebum dolore magna sed. Kasd et aliquam eos lorem feugiat ut illum lorem lorem facilisis et tincidunt diam imperdiet. Dolor sed duis lobortis molestie invidunt eos voluptua dolore nulla lorem et vel.\n","pageCount":1300,"excerpt":"At molestie no. Nulla et ipsum diam amet erat dolor rebum dolores ad vulputate kasd erat vulputate. Clita sanctus vel consequat ut at diam duis ut ipsum elitr diam accusam ipsum sed. Eu minim vero eirmod at. Lorem aliquip stet diam facilisi velit nonumy tempor clita eros magna duo ut et no dolor kasd.\nTation ex ullamcorper ipsum adipiscing ut facilisi takimata ut dignissim. Dolore ea nonumy in facilisi dolor vero nonumy sit. Sit nonumy nonummy et et molestie aliquip sadipscing tempor feugiat diam ipsum facilisis et erat. Ipsum magna iusto ut praesent vel ex doming no stet. Gubergren nostrud eros sed accusam sea consetetur sadipscing et sed eirmod minim dolor dolor rebum dolor nonumy. Duis diam sanctus et dolore ipsum et dolores gubergren dolor takimata sed dolore laoreet. Hendrerit erat soluta aliquyam ipsum dolores dolor dolore. Ex eu sea ut invidunt dolore nisl eum veniam ipsum ullamcorper invidunt vero in sed aliquam magna. Nostrud possim dolores diam sit aliquyam voluptua consetetur nulla elit esse invidunt rebum sanctus consetetur luptatum in. Tation elitr magna dolor invidunt nonumy dolores blandit et blandit et. Vero facilisi dolor erat ipsum exerci nonumy. Consequat aliquyam ut ut exerci et kasd facilisis duo aliquip sed facer dolor gubergren stet feugiat eos sea. Takimata elitr sanctus ea sadipscing sea et sanctus dolor ea consequat molestie dolor diam. Magna iriure duo justo dolore ipsum labore no ipsum aliquyam vero erat dolor. Nibh eos sanctus amet elitr et dolore sea sit ea labore placerat illum sit. Nihil dolore lobortis quis autem erat.\nLabore sit sanctus et dolore sea ut ut. Eos gubergren lorem. Nulla elitr kasd amet dolores placerat aliquyam ipsum. Accusam vel praesent invidunt est consequat lorem amet aliquyam duo stet erat accusam. Invidunt gubergren amet. Congue ut est justo et ipsum aliquyam et diam eum qui. Sanctus accusam eos wisi voluptua facilisis est dolor ipsum ullamcorper clita erat sadipscing ullamcorper. Magna dolor sadipscing sea labore esse elitr minim est. Ut eos et sanctus eos tation facilisis congue et clita elitr sea. Eos gubergren sanctus sit consequat sadipscing est diam tempor. Sed eu vero. Lorem velit clita rebum eos consequat et sed lorem sanctus diam erat lorem invidunt lorem sea duis sit. Et odio ipsum. Vel duis et dolores est diam sanctus adipiscing vero lorem gubergren iusto stet ipsum. Et et placerat dolore vero lorem commodo volutpat sadipscing.\nEt eirmod accusam no lorem. Est at ea sit duis et duis autem ipsum takimata et magna nulla et. Sea aliquyam elitr dolor consequat dolore hendrerit clita et amet adipiscing amet eum kasd dolor dolor lorem. Sit eu eirmod eirmod magna lorem et amet. Voluptua elitr vel tempor nisl blandit te ut at erat hendrerit laoreet volutpat magna eum. Lorem tempor accusam tempor sanctus duis. Vel justo exerci commodo rebum. Eos et ea ea sed luptatum et invidunt ut erat ea. Ut vero duo takimata est lorem. Elitr sea at dolores lorem eros kasd congue lorem dolor duo. Dolor elit takimata. Vero elitr eos rebum autem amet. Ea at sanctus. Consequat vel voluptua sadipscing rebum gubergren dolore accusam minim eos sanctus ea. Elit justo accusam eirmod et labore rebum eirmod ad amet iriure rebum magna invidunt accusam magna clita kasd elitr. Nonumy voluptua erat. Lorem laoreet ut et nulla nostrud esse sit sed dolor dolore nulla eos takimata et. Eros ut elitr ut dolore sed vel eos amet sed ex stet rebum accusam invidunt est diam.\nInvidunt ipsum sadipscing. Amet et stet tempor labore tempor takimata sea. Justo consectetuer dolor eirmod dolores consetetur sed at sed clita feugait erat clita nibh tempor sed kasd dolor diam. Et sanctus sadipscing dolor liber. Ut molestie sed commodo liber ut et autem tempor dolor assum ipsum lorem. Eos gubergren amet invidunt illum sit aliquam lorem voluptua veniam eos sed duo lorem et delenit. Lorem dolor vel hendrerit iusto labore dolore at. Invidunt consectetuer et diam amet stet no. Ut clita gubergren takimata dolores gubergren qui vel kasd sit accumsan enim dolores labore veniam augue dolor. Minim sadipscing vulputate clita vero soluta consetetur voluptua. Tempor possim et diam kasd magna nulla. Et ipsum sit dolore sed in dignissim kasd accusam invidunt kasd in ipsum vero ex invidunt ipsum et. Est elit justo voluptua clita sed ad. Aliquyam elitr duo sed labore sadipscing justo. Voluptua ipsum nisl velit dolores accusam at est. Et ipsum no stet ut labore erat rebum congue labore. Et amet eirmod sed consetetur gubergren euismod et et sea iriure et et. Sadipscing dolores gubergren ut amet labore feugait enim gubergren erat nisl.\n","publishDate":"2022-04-27T13:08:15.7605076+00:00"},{"id":14,"title":"Book 14","description":"Sed sed nonumy. Volutpat et possim dolor lorem ea ut enim et ad sanctus aliquip. Sanctus accusam diam sed sadipscing dolores molestie erat ipsum tempor nonumy takimata. No ut ipsum sed dolore sanctus labore feugait at. Sadipscing dolor stet nobis consetetur stet at accusam cum stet accusam in consequat magna ullamcorper invidunt vero. Clita laoreet labore luptatum vel rebum. Ea veniam ut kasd at dolores. Magna sadipscing labore elitr vel duo sea. Eos dolores est consetetur ipsum invidunt et et amet sit diam. Dolor accusam sadipscing sed ut autem kasd aliquyam ut vero et sed augue nisl consetetur. Dolor volutpat iusto ullamcorper elitr stet ex duo. Duis dolor nonumy ipsum ipsum ut clita no sit dolores gubergren sit. Molestie lorem laoreet sed nonumy lorem kasd stet amet et elitr no at dolore elitr exerci invidunt dolor. Et minim diam. Sed ad aliquyam diam diam amet clita lorem duo facilisi diam labore iusto tempor ea vel sit vulputate.\n","pageCount":1400,"excerpt":"No dolor nonumy aliquyam dolor diam vel kasd sea nonumy takimata no takimata. Dolore et no gubergren. Stet tempor molestie elitr esse labore lorem et euismod takimata clita esse ut duis exerci lorem amet tincidunt. Tempor gubergren ex eleifend nonummy amet et ex dolor amet sanctus qui et elitr consequat est nihil eos. Ut amet lorem sea sed odio amet justo invidunt gubergren eum dolore. Molestie sea eos. Sed est sed ut justo dolor nonumy duo. Facer facilisi magna ipsum dolor rebum aliquyam accumsan lorem est et. Sit erat adipiscing at sadipscing lorem rebum justo duo et aliquyam ea dolores dolor. Et eirmod lobortis duis ea nonumy odio dolore takimata eirmod accusam amet ad dolor. Consequat dolor diam ea magna et vero facer voluptua duis sea lorem ut vero hendrerit. Ut sit accusam ipsum invidunt wisi veniam duo clita laoreet ipsum sanctus tempor accusam facer et dolores lorem. Voluptua sed odio quis dolor hendrerit et at ea. Sed eirmod et veniam voluptua liber amet gubergren lorem kasd ea. Et ipsum invidunt diam stet cum ipsum takimata elitr dolore augue vero consequat blandit stet est. Sanctus in sed eum tation dolore. Elitr feugiat clita illum sed sanctus dolor kasd sit ipsum ut blandit. In veniam stet eirmod nulla labore sea tincidunt et ea sea takimata sed. Ipsum eos et eleifend dolor ea dolor ut ex iriure est amet et dignissim et eos blandit dolor.\nKasd gubergren dolore. Ipsum sea quis dolor euismod praesent ipsum sadipscing duis magna ipsum eirmod voluptua et nulla et magna. Ea accusam et sea delenit nonumy lorem sadipscing et clita. Sit aliquyam sanctus gubergren nulla vel et invidunt lorem diam. Assum sit eos ut. Dolore dolor et ullamcorper gubergren dolore dignissim sit justo dolor consetetur nonummy tincidunt in. Stet sed lorem feugiat ut elitr accusam ipsum. Lorem gubergren luptatum magna kasd sit nam. Sed dolore et sit gubergren et ut. Sed gubergren dolor diam ea vero et clita sit nulla augue sit at. Ipsum kasd nonumy commodo blandit diam stet facer aliquyam blandit eum elitr vulputate nulla nam consectetuer kasd. Eum ea takimata dolore eos erat sit veniam invidunt est ut ut nonumy feugait et dolor. Consetetur consectetuer sed et laoreet dolore esse aliquyam ipsum vel amet. Iusto et amet lorem vel labore kasd dolore wisi magna ipsum. Nonumy diam nulla est et elit accusam clita sit nonumy. Lorem labore et sanctus sadipscing dolor molestie no invidunt dolore clita dolore magna diam lorem.\nUt accusam tempor ut sit vero dolore amet consetetur sit labore duo justo vel. Et clita amet tempor erat amet. Augue sed erat clita voluptua voluptua nulla eum kasd aliquyam dolores amet vero dolore ut. Erat accusam amet nonumy duis sit blandit sed consectetuer. Magna lorem vulputate consetetur erat molestie magna duo sea gubergren sed euismod sit sanctus elitr ea. Est amet nulla odio et ipsum molestie dolor magna augue nonumy aliquip clita gubergren velit autem wisi. Nulla no et consectetuer ut duis no suscipit elitr autem sanctus. Vero dolor dolor et delenit sed est suscipit ipsum sit zzril dolor. Et et esse erat lorem ipsum voluptua dolores kasd rebum vero vel diam dolores. Kasd sadipscing takimata nonumy elitr kasd.\nLorem sit dolore consectetuer id rebum ea eros feugiat et eirmod eu takimata sadipscing no sadipscing nibh aliquyam. Et dolore sit justo amet sea sed quod sanctus amet eros sanctus accusam labore labore. Dolore in assum sit lorem sit sanctus erat dolor lorem illum hendrerit molestie erat.\nClita diam et no ipsum sed ut dolore et esse gubergren vel praesent clita. Delenit vero takimata magna velit elitr nihil et ipsum doming sit. Duis vero accusam sanctus sed dolore dolores consetetur eu rebum. Et ipsum ipsum rebum labore et diam feugait clita accusam sit accusam et nulla dolor at dolor eu. Et eu invidunt sit nam. Duis sed dolore luptatum et facilisis sit illum et sea.\n","publishDate":"2022-04-26T13:08:15.760584+00:00"},{"id":15,"title":"Book 15","description":"Sanctus ad labore dolor ut est at sit ipsum eos consetetur aliquyam sea magna. Voluptua dolor facilisis dolor ipsum sit erat liber consectetuer est no sed facilisis duis lorem eirmod. Wisi ipsum vero justo et. Eum minim diam veniam commodo vero et dolor nulla ipsum aliquyam vero in. Erat vel tation aliquyam sea labore magna diam kasd. Rebum enim diam ullamcorper magna diam diam diam sanctus. Erat eu at lorem et consectetuer ipsum. Sit voluptua volutpat in et feugait nulla vero dolore consetetur kasd molestie invidunt magna diam. Ipsum magna et et est diam nulla et dolores iusto gubergren eum erat. Dolor consetetur justo kasd voluptua dolor erat aliquam luptatum ea erat eos accusam duis ea et sed. Clita id vero ipsum duis vel ipsum dolor aliquyam ipsum eos consetetur ipsum aliquyam.\n","pageCount":1500,"excerpt":"Vel sit dolores takimata quod ipsum stet sadipscing ea velit tempor dolore clita ut lorem autem sed aliquip ut. Aliquyam amet dolor. Adipiscing et est delenit ea tation volutpat dolore dolores elitr delenit ea. Est illum ullamcorper ut rebum tempor stet dolor zzril eum sit consetetur voluptua dolores. Nulla luptatum lorem consequat takimata eu vero kasd dolores nam diam eros. Accumsan molestie consetetur. Nonumy dolore sanctus eu id adipiscing dolores elitr zzril clita ea et. Hendrerit nonumy in sit vel commodo sadipscing clita sea takimata diam elitr elitr consectetuer est.\nEt dolore lorem tation lorem augue kasd adipiscing tempor et dolore erat gubergren ad kasd molestie. Duo dolor invidunt duo nonumy et duo elitr dolore iusto dolor sea dolor lorem nonummy kasd et. Labore eum eu ut amet aliquyam ut. Vel clita luptatum feugiat at eu lorem labore praesent consequat. No magna eos ea dolor et diam sed gubergren qui dolores et duo eirmod nonumy voluptua amet. Et nulla velit ut no dolore laoreet et sit dolor. Tempor ea amet aliquyam sit rebum duis dolore. Magna vel lorem sed voluptua amet qui gubergren gubergren euismod clita. In exerci adipiscing vero est sanctus. Et clita vero accusam duis
[...]
usto dolores enim quod facer eos tempor velit nonummy dolor accumsan nulla sadipscing invidunt nisl ea volutpat eirmod. Takimata aliquip kasd sed stet no nostrud. Et amet et nostrud nulla est invidunt kasd duis et eum in takimata labore. Nonumy sit liber. Nonumy consetetur feugait euismod eirmod eos blandit ipsum et takimata sanctus consetetur. Diam sit est consequat autem vel sit sed takimata at eos duo molestie vel labore. Wisi eos at zzril ut nonumy et sed. Nostrud possim nonumy dolor erat esse kasd ipsum aliquip et diam clita duo clita. Est molestie magna ut invidunt et commodo eum ut aliquyam sea ut tincidunt. Eu eirmod clita ea sed dolore aliquyam kasd nonumy dolor suscipit. Luptatum lorem at eos kasd ipsum dolor dolor sed et. Duis lorem qui kasd. Lorem et diam cum. Nulla eos sed et ipsum sed sed invidunt. Rebum voluptua augue et sea magna duo clita ipsum gubergren invidunt rebum ut dolor aliquyam. At nulla accusam stet sed et est sit clita elitr dolore et sea.\nEt sed labore dolor volutpat tempor aliquyam duis vel vero in lorem rebum no diam eos no sed. Nonumy et accumsan ipsum ipsum dolor amet kasd stet. Amet invidunt ipsum sed ipsum.\nDolor consetetur feugiat gubergren commodo magna sea dolor vel dolor elitr nisl mazim ipsum et justo. Nulla et nostrud aliquyam aliquyam liber ut takimata consectetuer duis. Lobortis nonumy dolor gubergren nonumy dolor eirmod ea nonumy sanctus vulputate. Eleifend magna diam duo feugait diam et clita dolore labore eirmod sed sed option vero accusam. Hendrerit sit stet dolor tincidunt velit et sit zzril dolores dolor eleifend tation stet sea. Exerci no euismod. Eirmod diam invidunt. Vel ipsum tincidunt et consequat eos. Erat amet tincidunt feugiat diam diam et et. Aliquip duo sadipscing lorem ipsum elit eirmod. Et feugiat molestie vulputate rebum magna invidunt wisi ea dolore dolores diam labore et duo. Gubergren clita dolores aliquyam sit sit diam laoreet eirmod dolor tation et labore. Sit est option lorem cum praesent euismod duo elit et placerat et. Amet et dolore elit duo labore te amet ut aliquyam elitr lorem accusam vulputate clita. Et eum ea dolore aliquam option duis no erat congue. Et in facilisis dolores vero sit eirmod amet tation sanctus ut diam liber placerat erat ea no sea. Feugiat diam eu vel sit at diam blandit eros rebum diam hendrerit eleifend justo eirmod. Ipsum sed erat invidunt dolor.\nStet commodo magna ipsum at diam dolor. Ipsum dolores augue dolores eos diam nonumy duis sed aliquyam dolores clita option takimata illum labore est. Dolor et at veniam et lorem commodo et dolore labore tempor dolor autem diam et. Molestie at ipsum sit diam clita sea dolor eirmod diam lorem et aliquyam stet. Aliquyam ipsum takimata tempor ex no eos sit eirmod in diam sed consetetur sed illum dolore possim accusam lorem. Takimata magna nisl sit elitr. Rebum ut ea amet facilisis ipsum ut duo diam eum no. Sanctus et sanctus nonumy possim dolore clita. Consectetuer nisl eirmod vero rebum ut no elitr gubergren lorem ad sanctus sed sit. Enim ea diam clita eirmod rebum voluptua ea sed facilisi rebum. Et facilisis duis gubergren accusam no nostrud at gubergren et laoreet magna takimata sadipscing at. Et erat dolor illum. Sanctus vel rebum invidunt. Magna diam sanctus labore sed sit sit nonumy voluptua dolore eos nonumy sadipscing. Duo accusam cum sadipscing magna eos nonumy amet facilisi dolores id. Id sit est sed ipsum vel vero illum dolor et justo vero eum takimata. Tempor duo consetetur iriure ut liber quis nostrud velit stet ipsum takimata aliquyam et ipsum nulla iusto suscipit enim.\n","publishDate":"2021-10-22T13:08:15.8011062+00:00"}]</msg>
<status status="PASS" starttime="20220510 10:08:17.088" endtime="20220510 10:08:17.102"/>
</kw>
<kw name="Set Test Variable" library="BuiltIn">
<arg>${RESPOSTA}</arg>
<doc>Makes a variable available everywhere within the scope of the current test.</doc>
<msg timestamp="20220510 10:08:17.103" level="INFO">${RESPOSTA} = &lt;Response [200]&gt;</msg>
<status status="PASS" starttime="20220510 10:08:17.102" endtime="20220510 10:08:17.103"/>
</kw>
<status status="PASS" starttime="20220510 10:08:13.426" endtime="20220510 10:08:17.103"/>
</kw>
<kw name="Conferir se retorna uma lista com &quot;200&quot; livros" library="ResourceAPI" sourcename="Conferir se retorna uma lista com &quot;${QTDE_LIVROS}&quot; livros">
<kw name="Length Should Be" library="BuiltIn">
<arg>${RESPOSTA.json()}</arg>
<arg>${QTDE_LIVROS}</arg>
<doc>Verifies that the length of the given item is correct.</doc>
<msg timestamp="20220510 10:08:17.109" level="INFO">Length is 200</msg>
<status status="PASS" starttime="20220510 10:08:17.104" endtime="20220510 10:08:17.110"/>
</kw>
<status status="PASS" starttime="20220510 10:08:17.104" endtime="20220510 10:08:17.110"/>
</kw>
<status status="PASS" starttime="20220510 10:08:13.426" endtime="20220510 10:08:17.110"/>
</test>
<test id="s1-s1-t2" name="Buscar um livro específico (GET em um livro específico)">
<kw name="Requisitar o livro &quot;15&quot;" library="ResourceAPI" sourcename="Requisitar o livro &quot;${ID_LIVRO}&quot;">
<kw name="GET On Session" library="RequestsLibrary">
<var>${RESPOSTA}</var>
<arg>fakeAPI</arg>
<arg>Books/${ID_LIVRO}</arg>
<doc>Sends a GET request on a previously created HTTP Session.</doc>
<msg timestamp="20220510 10:08:17.398" level="INFO">GET Request : url=https://fakerestapi.azurewebsites.net/api/v1/Books/15 
 path_url=/api/v1/Books/15 
 headers={'User-Agent': 'python-requests/2.26.0', 'Accept-Encoding': 'gzip, deflate', 'Accept': '*/*', 'Connection': 'keep-alive'} 
 body=None 
 </msg>
<msg timestamp="20220510 10:08:17.399" level="INFO">GET Response : url=https://fakerestapi.azurewebsites.net/api/v1/Books/15 
 status=200, reason=OK 
 headers={'Transfer-Encoding': 'chunked', 'Content-Type': 'application/json; charset=utf-8; v=1.0', 'Server': 'Kestrel', 'api-supported-versions': '1.0', 'Date': 'Tue, 10 May 2022 13:08:17 GMT'} 
 body={"id":15,"title":"Book 15","description":"Ipsum ipsum nonumy ipsum autem labore dolor qui dolor sit et molestie magna delenit et. Dignissim clita dolore consequat justo adipiscing. Nihil dolore diam consectetuer hendrerit hendrerit ipsum qui est vel et feugiat facilisi dolor sadipscing diam ut nulla. Amet diam dolore accusam lobortis diam ut magna stet diam ut lorem labore vulputate sit gubergren. Odio dolor vero kasd blandit et diam sanctus lorem lorem et ipsum sit ea doming et clita invidunt est. Amet placerat tempor sed clita. In et dolore dolore eirmod vulputate suscipit et sanctus labore sed stet. Sadipscing qui ea est facilisi nostrud sea consequat tincidunt exerci. Et eirmod aliquyam nostrud te ea kasd dolore ad labore sadipscing sed elitr et et.\n","pageCount":1500,"excerpt":"Vero aliquyam veniam dolor amet sed kasd sit erat invidunt clita magna. Dolor lorem aliquyam sit sadipscing blandit voluptua amet exerci diam dolor ut rebum kasd vel stet nulla. Sed diam sadipscing nostrud congue. Nisl suscipit sit. Sadipscing lorem clita ipsum sit wisi stet consetetur gubergren diam at dolor tempor. Erat nonumy et et ex lorem at eirmod erat wisi odio quis. Et erat et nibh wisi eos takimata molestie sit erat dolores eos lorem diam. Ut dolores sit clita rebum diam ea gubergren voluptua clita est. Duis est nostrud. Dolore feugait eos dolores dolor duis aliquyam et ullamcorper justo adipiscing ut no voluptua stet. Takimata dolor lorem et blandit no sit. Eirmod no diam consetetur. Voluptua amet sit wisi sit dolor eu vero. Dolor takimata nam velit ipsum erat lorem erat ex erat eos ea iusto consetetur amet takimata diam lobortis stet. Sanctus dolor justo ut dolor consequat vero et dolore stet sed option sadipscing invidunt suscipit. Eos erat diam duo aliquyam feugiat vero dolore stet aliquyam in dignissim ex. Labore sed justo dolor. Erat nisl consequat amet diam accusam takimata.\nNonumy placerat et lobortis velit dolore vel blandit dolor amet at labore. Eirmod amet lorem amet. Dolores gubergren stet stet aliquyam magna dolor at hendrerit imperdiet et dolor. Et ut diam. Facilisis est et dolor sed sit ut iriure vero et gubergren et aliquam eirmod nulla elitr dolore. Ea dolore voluptua clita est rebum option iriure dolor. Et ipsum tempor duo duo sed justo. Clita accumsan nonumy no kasd dolore dolore est adipiscing invidunt elitr sea eirmod in dolor dolores eu. Labore dolore duo et gubergren labore nisl vel eu at aliquyam quis. Placerat ipsum tempor et consetetur et in sadipscing eos molestie. Ex at laoreet nulla wisi sanctus consequat invidunt. Ipsum consetetur aliquip kasd elitr elitr velit tincidunt. Takimata labore at accusam sit consectetuer est enim vel et ut. Elitr amet option dolore in assum nonummy amet sit vero dolor amet vero ut eum sit feugait nonumy. Clita et at et dolore. Dolore duis invidunt ea dolor vero. Wisi duis sanctus enim dolor sit odio ipsum no. Sit et sed feugiat aliquyam et nonumy lorem vero.\nDiam est dolores nonumy sed vero no sadipscing no sea lorem amet eirmod vel magna. Erat lorem illum. Labore invidunt nostrud hendrerit et elitr amet labore illum. Duis et feugiat duo eu facilisi. Et vero et augue dolore amet dolor dolor dolore iriure voluptua lorem elitr no lorem veniam feugait labore. Enim mazim stet. Nulla sea facilisis kasd iriure adipiscing ipsum sit ea suscipit clita et voluptua gubergren nonumy sanctus ipsum takimata kasd. Erat et ut nonumy magna eum erat sanctus labore iriure consetetur lorem voluptua. Nulla et et eirmod lorem. Lorem lorem sed gubergren erat ut sed ut dolore diam labore takimata vel stet. Takimata mazim diam sanctus lorem ipsum stet cum facer delenit. Lorem clita dolores dolor sed rebum esse duis et nulla eleifend at diam et. Voluptua ea sed lobortis odio sanctus dolor. Sit dolor voluptua nobis facilisi ipsum tempor ut consectetuer iriure justo ipsum eros duo lorem. Ut et clita erat et voluptua ad rebum. Amet sed diam dolor et no lorem ipsum dolor sit est ea feugiat in ipsum feugiat.\nMagna at justo elitr feugait. Qui ipsum ipsum suscipit praesent ut consetetur zzril clita sit at accusam nulla. Dolores ut sit sit facilisis. Lorem et at erat accusam lorem takimata veniam ipsum. Dolore at eleifend sit at aliquyam kasd et. Ad diam sea ut no diam nulla vero suscipit dolor erat diam. Elit elitr labore nonumy sed dignissim sit aliquam sadipscing et aliquyam sanctus ut sit aliquyam imperdiet consetetur tempor vero. Minim dolores minim sed et dolor voluptua ad at vel rebum at luptatum rebum augue. Clita duo dolor et ut et clita sed sed dolor amet. Eirmod autem enim.\nLorem accusam rebum congue tempor ullamcorper labore sadipscing et autem eros vulputate iusto eos. Molestie aliquyam sit te labore blandit sit autem aliquyam est illum vel adipiscing diam at nihil et lorem. Kasd vero amet. Qui kasd qui magna. Takimata euismod ipsum nisl eos eos et at gubergren justo voluptua. Lorem et dolore tempor amet clita erat. Veniam dolor suscipit labore vel stet sed iusto justo magna autem amet tempor et no tempor aliquip at. Eros eros ut consequat dolore amet ut takimata nonumy. Ex vero amet invidunt sed magna quis eos tempor tempor. Delenit dolor et aliquyam et no sit autem ipsum duis at accusam. Takimata duis nulla nonumy justo diam erat takimata nonumy nonumy labore takimata. Magna sadipscing eum lorem stet. Tempor sadipscing dolor magna. Tation magna ut consectetuer facilisis vero nonumy sadipscing ipsum. Clita magna invidunt magna est ea tempor eos no nam eirmod. Vero erat in est lorem consectetuer diam et kasd iriure enim lorem et eirmod est et. Ea lorem sed lorem.\n","publishDate":"2022-04-25T13:08:18.2415036+00:00"} 
 </msg>
<msg timestamp="20220510 10:08:17.399" level="INFO">C:\Users\guilherme.wichroski\AppData\Local\Programs\Python\Python39\lib\site-packages\urllib3\connectionpool.py:1013: InsecureRequestWarning: Unverified HTTPS request is being made to host 'fakerestapi.azurewebsites.net'. Adding certificate verification is strongly advised. See: https://urllib3.readthedocs.io/en/1.26.x/advanced-usage.html#ssl-warnings
  warnings.warn(</msg>
<msg timestamp="20220510 10:08:17.400" level="INFO">${RESPOSTA} = &lt;Response [200]&gt;</msg>
<status status="PASS" starttime="20220510 10:08:17.112" endtime="20220510 10:08:17.400"/>
</kw>
<kw name="Log" library="BuiltIn">
<arg>${RESPOSTA.text}</arg>
<doc>Logs the given message with the given level.</doc>
<msg timestamp="20220510 10:08:17.401" level="INFO">{"id":15,"title":"Book 15","description":"Ipsum ipsum nonumy ipsum autem labore dolor qui dolor sit et molestie magna delenit et. Dignissim clita dolore consequat justo adipiscing. Nihil dolore diam consectetuer hendrerit hendrerit ipsum qui est vel et feugiat facilisi dolor sadipscing diam ut nulla. Amet diam dolore accusam lobortis diam ut magna stet diam ut lorem labore vulputate sit gubergren. Odio dolor vero kasd blandit et diam sanctus lorem lorem et ipsum sit ea doming et clita invidunt est. Amet placerat tempor sed clita. In et dolore dolore eirmod vulputate suscipit et sanctus labore sed stet. Sadipscing qui ea est facilisi nostrud sea consequat tincidunt exerci. Et eirmod aliquyam nostrud te ea kasd dolore ad labore sadipscing sed elitr et et.\n","pageCount":1500,"excerpt":"Vero aliquyam veniam dolor amet sed kasd sit erat invidunt clita magna. Dolor lorem aliquyam sit sadipscing blandit voluptua amet exerci diam dolor ut rebum kasd vel stet nulla. Sed diam sadipscing nostrud congue. Nisl suscipit sit. Sadipscing lorem clita ipsum sit wisi stet consetetur gubergren diam at dolor tempor. Erat nonumy et et ex lorem at eirmod erat wisi odio quis. Et erat et nibh wisi eos takimata molestie sit erat dolores eos lorem diam. Ut dolores sit clita rebum diam ea gubergren voluptua clita est. Duis est nostrud. Dolore feugait eos dolores dolor duis aliquyam et ullamcorper justo adipiscing ut no voluptua stet. Takimata dolor lorem et blandit no sit. Eirmod no diam consetetur. Voluptua amet sit wisi sit dolor eu vero. Dolor takimata nam velit ipsum erat lorem erat ex erat eos ea iusto consetetur amet takimata diam lobortis stet. Sanctus dolor justo ut dolor consequat vero et dolore stet sed option sadipscing invidunt suscipit. Eos erat diam duo aliquyam feugiat vero dolore stet aliquyam in dignissim ex. Labore sed justo dolor. Erat nisl consequat amet diam accusam takimata.\nNonumy placerat et lobortis velit dolore vel blandit dolor amet at labore. Eirmod amet lorem amet. Dolores gubergren stet stet aliquyam magna dolor at hendrerit imperdiet et dolor. Et ut diam. Facilisis est et dolor sed sit ut iriure vero et gubergren et aliquam eirmod nulla elitr dolore. Ea dolore voluptua clita est rebum option iriure dolor. Et ipsum tempor duo duo sed justo. Clita accumsan nonumy no kasd dolore dolore est adipiscing invidunt elitr sea eirmod in dolor dolores eu. Labore dolore duo et gubergren labore nisl vel eu at aliquyam quis. Placerat ipsum tempor et consetetur et in sadipscing eos molestie. Ex at laoreet nulla wisi sanctus consequat invidunt. Ipsum consetetur aliquip kasd elitr elitr velit tincidunt. Takimata labore at accusam sit consectetuer est enim vel et ut. Elitr amet option dolore in assum nonummy amet sit vero dolor amet vero ut eum sit feugait nonumy. Clita et at et dolore. Dolore duis invidunt ea dolor vero. Wisi duis sanctus enim dolor sit odio ipsum no. Sit et sed feugiat aliquyam et nonumy lorem vero.\nDiam est dolores nonumy sed vero no sadipscing no sea lorem amet eirmod vel magna. Erat lorem illum. Labore invidunt nostrud hendrerit et elitr amet labore illum. Duis et feugiat duo eu facilisi. Et vero et augue dolore amet dolor dolor dolore iriure voluptua lorem elitr no lorem veniam feugait labore. Enim mazim stet. Nulla sea facilisis kasd iriure adipiscing ipsum sit ea suscipit clita et voluptua gubergren nonumy sanctus ipsum takimata kasd. Erat et ut nonumy magna eum erat sanctus labore iriure consetetur lorem voluptua. Nulla et et eirmod lorem. Lorem lorem sed gubergren erat ut sed ut dolore diam labore takimata vel stet. Takimata mazim diam sanctus lorem ipsum stet cum facer delenit. Lorem clita dolores dolor sed rebum esse duis et nulla eleifend at diam et. Voluptua ea sed lobortis odio sanctus dolor. Sit dolor voluptua nobis facilisi ipsum tempor ut consectetuer iriure justo ipsum eros duo lorem. Ut et clita erat et voluptua ad rebum. Amet sed diam dolor et no lorem ipsum dolor sit est ea feugiat in ipsum feugiat.\nMagna at justo elitr feugait. Qui ipsum ipsum suscipit praesent ut consetetur zzril clita sit at accusam nulla. Dolores ut sit sit facilisis. Lorem et at erat accusam lorem takimata veniam ipsum. Dolore at eleifend sit at aliquyam kasd et. Ad diam sea ut no diam nulla vero suscipit dolor erat diam. Elit elitr labore nonumy sed dignissim sit aliquam sadipscing et aliquyam sanctus ut sit aliquyam imperdiet consetetur tempor vero. Minim dolores minim sed et dolor voluptua ad at vel rebum at luptatum rebum augue. Clita duo dolor et ut et clita sed sed dolor amet. Eirmod autem enim.\nLorem accusam rebum congue tempor ullamcorper labore sadipscing et autem eros vulputate iusto eos. Molestie aliquyam sit te labore blandit sit autem aliquyam est illum vel adipiscing diam at nihil et lorem. Kasd vero amet. Qui kasd qui magna. Takimata euismod ipsum nisl eos eos et at gubergren justo voluptua. Lorem et dolore tempor amet clita erat. Veniam dolor suscipit labore vel stet sed iusto justo magna autem amet tempor et no tempor aliquip at. Eros eros ut consequat dolore amet ut takimata nonumy. Ex vero amet invidunt sed magna quis eos tempor tempor. Delenit dolor et aliquyam et no sit autem ipsum duis at accusam. Takimata duis nulla nonumy justo diam erat takimata nonumy nonumy labore takimata. Magna sadipscing eum lorem stet. Tempor sadipscing dolor magna. Tation magna ut consectetuer facilisis vero nonumy sadipscing ipsum. Clita magna invidunt magna est ea tempor eos no nam eirmod. Vero erat in est lorem consectetuer diam et kasd iriure enim lorem et eirmod est et. Ea lorem sed lorem.\n","publishDate":"2022-04-25T13:08:18.2415036+00:00"}</msg>
<status status="PASS" starttime="20220510 10:08:17.400" endtime="20220510 10:08:17.401"/>
</kw>
<kw name="Set Test Variable" library="BuiltIn">
<arg>${RESPOSTA}</arg>
<doc>Makes a variable available everywhere within the scope of the current test.</doc>
<msg timestamp="20220510 10:08:17.401" level="INFO">${RESPOSTA} = &lt;Response [200]&gt;</msg>
<status status="PASS" starttime="20220510 10:08:17.401" endtime="20220510 10:08:17.401"/>
</kw>
<status status="PASS" starttime="20220510 10:08:17.112" endtime="20220510 10:08:17.401"/>
</kw>
<kw name="Conferir se retorna title &quot;Book 15&quot;" library="ResourceAPI" sourcename="Conferir se retorna Title &quot;${TITULO_LIVRO}&quot;">
<kw name="Log" library="BuiltIn">
<arg>${RESPOSTA.json()["title"]}</arg>
<doc>Logs the given message with the given level.</doc>
<msg timestamp="20220510 10:08:17.403" level="INFO">Book 15</msg>
<status status="PASS" starttime="20220510 10:08:17.402" endtime="20220510 10:08:17.403"/>
</kw>
<kw name="Should Be Equal" library="BuiltIn">
<arg>${RESPOSTA.json()["title"]}</arg>
<arg>${TITULO_LIVRO}</arg>
<doc>Fails if the given objects are unequal.</doc>
<status status="PASS" starttime="20220510 10:08:17.403" endtime="20220510 10:08:17.404"/>
</kw>
<status status="PASS" starttime="20220510 10:08:17.402" endtime="20220510 10:08:17.404"/>
</kw>
<status status="PASS" starttime="20220510 10:08:17.111" endtime="20220510 10:08:17.404"/>
</test>
<status status="PASS" starttime="20220510 10:08:12.671" endtime="20220510 10:08:17.406"/>
</suite>
<status status="PASS" starttime="20220510 10:08:12.586" endtime="20220510 10:08:17.408"/>
</suite>
<statistics>
<total>
<stat pass="2" fail="0" skip="0">All Tests</stat>
</total>
<tag>
</tag>
<suite>
<stat pass="2" fail="0" skip="0" id="s1" name="Tests">Tests</stat>
<stat pass="2" fail="0" skip="0" id="s1-s1" name="TestCaseAPIBook">Tests.TestCaseAPIBook</stat>
</suite>
</statistics>
<errors>
</errors>
</robot>
